2019-08-19 21:16:52  [ AWT-EventQueue-0:0 ] - [ DEBUG ]  String.valueOf(getTextPane1().getText()).substring(1): 0.07

2019-08-19 21:16:52  [ AWT-EventQueue-0:18 ] - [ DEBUG ]  amount: 0.07
2019-08-19 21:16:52  [ AWT-EventQueue-0:18 ] - [ DEBUG ]   f :7.0
2019-08-19 21:17:14  [ pool-1-thread-2:21870 ] - [ DEBUG ]  String tmps :
4444444444444
2019-08-19 21:17:15  [ pool-1-thread-2:22431 ] - [ DEBUG ]  String p1:<xml><TransType>2</TransType><Amount>7</Amount><Body>1</Body><QRCode>
4444444444444</QRCode></xml>
2019-08-19 21:17:18  [ pool-1-thread-2:25387 ] - [ DEBUG ]  String[] strings:["\u003cxml\u003e\u003cTransType\u003e2\u003c/TransType\u003e\u003cAmount\u003e7\u003c/Amount\u003e\u003cBody\u003e1\u003c/Body\u003e\u003cQRCode\u003e\n4444444444444\u003c/QRCode\u003e\u003c/xml\u003e","\u003cxml\u003e\u003cReturnCode\u003e203\u003c/ReturnCode\u003e\u003cReturnMsg\u003e付款码无效:4444444444444\u003c/ReturnMsg\u003e\u003cReference\u003e08002700E01566220636738309\u003c/Reference\u003e\u003c/xml\u003e"]
2019-08-19 21:17:18  [ pool-1-thread-2:25388 ] - [ DEBUG ]  String[] re :["\u003cxml\u003e\u003cTransType\u003e2\u003c/TransType\u003e\u003cAmount\u003e7\u003c/Amount\u003e\u003cBody\u003e1\u003c/Body\u003e\u003cQRCode\u003e\n4444444444444\u003c/QRCode\u003e\u003c/xml\u003e","\u003cxml\u003e\u003cReturnCode\u003e203\u003c/ReturnCode\u003e\u003cReturnMsg\u003e付款码无效:4444444444444\u003c/ReturnMsg\u003e\u003cReference\u003e08002700E01566220636738309\u003c/Reference\u003e\u003c/xml\u003e"]
2019-08-19 21:17:18  [ pool-1-thread-2:25388 ] - [ DEBUG ]  xml:<xml><ReturnCode>203</ReturnCode><ReturnMsg>付款码无效:4444444444444</ReturnMsg><Reference>08002700E01566220636738309</Reference></xml>
2019-08-19 21:17:18  [ pool-1-thread-2:25644 ] - [ DEBUG ]  mapOne:{ReturnCode=203, Reference=08002700E01566220636738309, ReturnMsg=付款码无效:4444444444444}
2019-08-19 21:17:18  [ pool-1-thread-2:25644 ] - [ DEBUG ]  String p1:<xml><Reference>08002700E01566220636738309</Reference></xml>
2019-08-19 21:17:18  [ pool-1-thread-2:25907 ] - [ DEBUG ]  String string:<xml><ReturnCode>205</ReturnCode><ReturnMsg>NOTPAY</ReturnMsg></xml>
2019-08-19 21:17:19  [ pool-1-thread-2:26912 ] - [ DEBUG ]  i:1///{"ReturnCode":"205","ReturnMsg":"NOTPAY"}
2019-08-19 21:17:19  [ pool-1-thread-2:26912 ] - [ DEBUG ]  String p1:<xml><Reference>08002700E01566220636738309</Reference></xml>
2019-08-19 21:17:20  [ pool-1-thread-2:27151 ] - [ DEBUG ]  String string:<xml><ReturnCode>205</ReturnCode><ReturnMsg>NOTPAY</ReturnMsg></xml>
2019-08-19 21:17:21  [ pool-1-thread-2:28152 ] - [ DEBUG ]  i:2///{"ReturnCode":"205","ReturnMsg":"NOTPAY"}
2019-08-19 21:17:21  [ pool-1-thread-2:28153 ] - [ DEBUG ]  String p1:<xml><Reference>08002700E01566220636738309</Reference></xml>
2019-08-19 21:17:21  [ pool-1-thread-2:28411 ] - [ DEBUG ]  String string:<xml><ReturnCode>205</ReturnCode><ReturnMsg>NOTPAY</ReturnMsg></xml>
2019-08-19 21:17:22  [ pool-1-thread-2:29413 ] - [ DEBUG ]  i:3///{"ReturnCode":"205","ReturnMsg":"NOTPAY"}
2019-08-19 21:17:22  [ pool-1-thread-2:29414 ] - [ DEBUG ]  String p1:<xml><Reference>08002700E01566220636738309</Reference></xml>
2019-08-19 21:17:22  [ pool-1-thread-2:29597 ] - [ DEBUG ]  String string:<xml><ReturnCode>205</ReturnCode><ReturnMsg>NOTPAY</ReturnMsg></xml>
2019-08-19 21:17:23  [ pool-1-thread-2:30598 ] - [ DEBUG ]  i:4///{"ReturnCode":"205","ReturnMsg":"NOTPAY"}
2019-08-19 21:17:23  [ pool-1-thread-2:30599 ] - [ DEBUG ]  String p1:<xml><Reference>08002700E01566220636738309</Reference></xml>
2019-08-19 21:17:23  [ pool-1-thread-2:30868 ] - [ DEBUG ]  String string:<xml><ReturnCode>205</ReturnCode><ReturnMsg>NOTPAY</ReturnMsg></xml>
2019-08-19 21:17:24  [ pool-1-thread-2:31875 ] - [ DEBUG ]  i:5///{"ReturnCode":"205","ReturnMsg":"NOTPAY"}
2019-08-19 21:17:24  [ pool-1-thread-2:31875 ] - [ DEBUG ]  String p1:<xml><Reference>08002700E01566220636738309</Reference></xml>
2019-08-19 21:17:24  [ pool-1-thread-2:32069 ] - [ DEBUG ]  String string:<xml><ReturnCode>205</ReturnCode><ReturnMsg>NOTPAY</ReturnMsg></xml>
2019-08-19 21:17:26  [ pool-1-thread-2:33071 ] - [ DEBUG ]  i:6///{"ReturnCode":"205","ReturnMsg":"NOTPAY"}
2019-08-19 21:17:26  [ pool-1-thread-2:33183 ] - [ DEBUG ]  String p1:<xml><Reference>08002700E01566220636738309</Reference></xml>
2019-08-19 21:17:26  [ pool-1-thread-2:33476 ] - [ DEBUG ]  String string:<xml><ReturnCode>205</ReturnCode><ReturnMsg>NOTPAY</ReturnMsg></xml>
2019-08-19 21:17:27  [ pool-1-thread-2:34477 ] - [ DEBUG ]  i:7///{"ReturnCode":"205","ReturnMsg":"NOTPAY"}
2019-08-19 21:17:27  [ pool-1-thread-2:34720 ] - [ DEBUG ]  map:{"Amount":"7","Body":"1","QRCode":"\n4444444444444","Reference":"08002700E01566220636738309","ReturnCode":"205","ReturnMsg":"NOTPAY","TransType":"2"}
2019-08-19 21:17:27  [ pool-1-thread-2:34721 ] - [ DEBUG ]  res:["支付方式：二维码\n交易时间：\n订单号：08002700E01566220636738309","客户未支付（未输入密码等）"]
2019-08-19 21:17:27  [ pool-1-thread-2:34721 ] - [ DEBUG ]  String[] strings :["支付方式：二维码\n交易时间：\n订单号：08002700E01566220636738309","客户未支付（未输入密码等）"]
2019-08-19 21:18:31  [ AWT-EventQueue-0:0 ] - [ DEBUG ]  String.valueOf(getTextPane1().getText()).substring(1): 0.07

2019-08-19 21:18:31  [ AWT-EventQueue-0:1 ] - [ DEBUG ]  amount: 0.07
2019-08-19 21:18:31  [ AWT-EventQueue-0:2 ] - [ DEBUG ]   f :7.0
2019-08-19 21:18:34  [ pool-1-thread-2:2761 ] - [ DEBUG ]  String tmps :5555555
2019-08-19 21:18:34  [ pool-1-thread-2:3071 ] - [ DEBUG ]  String p1:<xml><TransType>2</TransType><Amount>7</Amount><Body>1</Body><QRCode>5555555</QRCode></xml>
2019-08-19 21:18:36  [ pool-1-thread-2:4519 ] - [ DEBUG ]  String[] strings:["\u003cxml\u003e\u003cTransType\u003e2\u003c/TransType\u003e\u003cAmount\u003e7\u003c/Amount\u003e\u003cBody\u003e1\u003c/Body\u003e\u003cQRCode\u003e5555555\u003c/QRCode\u003e\u003c/xml\u003e","\u003cxml\u003e\u003cReturnCode\u003e203\u003c/ReturnCode\u003e\u003cReturnMsg\u003e付款码无效:5555555\u003c/ReturnMsg\u003e\u003cReference\u003e08002700E01566220715004257\u003c/Reference\u003e\u003c/xml\u003e"]
2019-08-19 21:18:36  [ pool-1-thread-2:4519 ] - [ DEBUG ]  String[] re :["\u003cxml\u003e\u003cTransType\u003e2\u003c/TransType\u003e\u003cAmount\u003e7\u003c/Amount\u003e\u003cBody\u003e1\u003c/Body\u003e\u003cQRCode\u003e5555555\u003c/QRCode\u003e\u003c/xml\u003e","\u003cxml\u003e\u003cReturnCode\u003e203\u003c/ReturnCode\u003e\u003cReturnMsg\u003e付款码无效:5555555\u003c/ReturnMsg\u003e\u003cReference\u003e08002700E01566220715004257\u003c/Reference\u003e\u003c/xml\u003e"]
2019-08-19 21:18:36  [ pool-1-thread-2:4520 ] - [ DEBUG ]  xml:<xml><ReturnCode>203</ReturnCode><ReturnMsg>付款码无效:5555555</ReturnMsg><Reference>08002700E01566220715004257</Reference></xml>
2019-08-19 21:18:36  [ pool-1-thread-2:4565 ] - [ DEBUG ]  mapOne:{ReturnCode=203, Reference=08002700E01566220715004257, ReturnMsg=付款码无效:5555555}
2019-08-19 21:18:36  [ pool-1-thread-2:4565 ] - [ DEBUG ]  String p1:<xml><Reference>08002700E01566220715004257</Reference></xml>
2019-08-19 21:18:36  [ pool-1-thread-2:4783 ] - [ DEBUG ]  String string:<xml><ReturnCode>205</ReturnCode><ReturnMsg>NOTPAY</ReturnMsg></xml>
2019-08-19 21:18:37  [ pool-1-thread-2:5785 ] - [ DEBUG ]  i:1///{"ReturnCode":"205","ReturnMsg":"NOTPAY"}
2019-08-19 21:18:37  [ pool-1-thread-2:5785 ] - [ DEBUG ]  String p1:<xml><Reference>08002700E01566220715004257</Reference></xml>
2019-08-19 21:18:37  [ pool-1-thread-2:6015 ] - [ DEBUG ]  String string:<xml><ReturnCode>205</ReturnCode><ReturnMsg>NOTPAY</ReturnMsg></xml>
2019-08-19 21:18:38  [ pool-1-thread-2:7017 ] - [ DEBUG ]  i:2///{"ReturnCode":"205","ReturnMsg":"NOTPAY"}
2019-08-19 21:18:38  [ pool-1-thread-2:7017 ] - [ DEBUG ]  String p1:<xml><Reference>08002700E01566220715004257</Reference></xml>
2019-08-19 21:18:39  [ pool-1-thread-2:7220 ] - [ DEBUG ]  String string:<xml><ReturnCode>205</ReturnCode><ReturnMsg>NOTPAY</ReturnMsg></xml>
2019-08-19 21:18:40  [ pool-1-thread-2:8221 ] - [ DEBUG ]  i:3///{"ReturnCode":"205","ReturnMsg":"NOTPAY"}
2019-08-19 21:18:40  [ pool-1-thread-2:8222 ] - [ DEBUG ]  String p1:<xml><Reference>08002700E01566220715004257</Reference></xml>
2019-08-19 21:18:40  [ pool-1-thread-2:8451 ] - [ DEBUG ]  String string:<xml><ReturnCode>205</ReturnCode><ReturnMsg>NOTPAY</ReturnMsg></xml>
2019-08-19 21:18:41  [ pool-1-thread-2:9453 ] - [ DEBUG ]  i:4///{"ReturnCode":"205","ReturnMsg":"NOTPAY"}
2019-08-19 21:18:41  [ pool-1-thread-2:9454 ] - [ DEBUG ]  String p1:<xml><Reference>08002700E01566220715004257</Reference></xml>
2019-08-19 21:18:41  [ pool-1-thread-2:9966 ] - [ DEBUG ]  String string:<xml><ReturnCode>205</ReturnCode><ReturnMsg>NOTPAY</ReturnMsg></xml>
2019-08-19 21:18:42  [ pool-1-thread-2:10968 ] - [ DEBUG ]  i:5///{"ReturnCode":"205","ReturnMsg":"NOTPAY"}
2019-08-19 21:18:42  [ pool-1-thread-2:10969 ] - [ DEBUG ]  String p1:<xml><Reference>08002700E01566220715004257</Reference></xml>
2019-08-19 21:18:43  [ pool-1-thread-2:11250 ] - [ DEBUG ]  String string:<xml><ReturnCode>205</ReturnCode><ReturnMsg>NOTPAY</ReturnMsg></xml>
2019-08-19 21:18:44  [ pool-1-thread-2:12255 ] - [ DEBUG ]  i:6///{"ReturnCode":"205","ReturnMsg":"NOTPAY"}
2019-08-19 21:18:44  [ pool-1-thread-2:12255 ] - [ DEBUG ]  String p1:<xml><Reference>08002700E01566220715004257</Reference></xml>
2019-08-19 21:18:46  [ pool-1-thread-2:14382 ] - [ DEBUG ]  String string:<xml><ReturnCode>205</ReturnCode><ReturnMsg>NOTPAY</ReturnMsg></xml>
2019-08-19 21:18:47  [ pool-1-thread-2:15383 ] - [ DEBUG ]  i:7///{"ReturnCode":"205","ReturnMsg":"NOTPAY"}
2019-08-19 21:18:47  [ pool-1-thread-2:15385 ] - [ DEBUG ]  map:{"Amount":"7","Body":"1","QRCode":"5555555","Reference":"08002700E01566220715004257","ReturnCode":"205","ReturnMsg":"NOTPAY","TransType":"2"}
2019-08-19 21:18:47  [ pool-1-thread-2:15385 ] - [ DEBUG ]  res:["支付方式：二维码\n交易时间：\n订单号：08002700E01566220715004257","客户未支付（未输入密码等）"]
2019-08-19 21:18:47  [ pool-1-thread-2:15385 ] - [ DEBUG ]  String[] strings :["支付方式：二维码\n交易时间：\n订单号：08002700E01566220715004257","客户未支付（未输入密码等）"]
2019-08-19 21:38:04  [ AWT-EventQueue-0:0 ] - [ DEBUG ]  String.valueOf(getTextPane1().getText()).substring(1): 0.07

2019-08-19 21:38:04  [ AWT-EventQueue-0:2 ] - [ DEBUG ]  amount: 0.07
2019-08-19 21:38:04  [ AWT-EventQueue-0:2 ] - [ DEBUG ]   f :7.0
2019-08-19 21:38:09  [ pool-1-thread-2:4637 ] - [ DEBUG ]  String tmps :55555555
2019-08-19 21:38:09  [ pool-1-thread-2:4923 ] - [ DEBUG ]  String p1:<xml><TransType>2</TransType><Amount>7</Amount><Body>1</Body><QRCode>55555555</QRCode></xml>
2019-08-19 21:38:11  [ pool-1-thread-2:6750 ] - [ DEBUG ]  String[] strings:["\u003cxml\u003e\u003cTransType\u003e2\u003c/TransType\u003e\u003cAmount\u003e7\u003c/Amount\u003e\u003cBody\u003e1\u003c/Body\u003e\u003cQRCode\u003e55555555\u003c/QRCode\u003e\u003c/xml\u003e","\u003cxml\u003e\u003cReturnCode\u003e203\u003c/ReturnCode\u003e\u003cReturnMsg\u003e付款码无效:55555555\u003c/ReturnMsg\u003e\u003cReference\u003e08002700E01566221890142218\u003c/Reference\u003e\u003c/xml\u003e"]
2019-08-19 21:38:11  [ pool-1-thread-2:6751 ] - [ DEBUG ]  String[] re :["\u003cxml\u003e\u003cTransType\u003e2\u003c/TransType\u003e\u003cAmount\u003e7\u003c/Amount\u003e\u003cBody\u003e1\u003c/Body\u003e\u003cQRCode\u003e55555555\u003c/QRCode\u003e\u003c/xml\u003e","\u003cxml\u003e\u003cReturnCode\u003e203\u003c/ReturnCode\u003e\u003cReturnMsg\u003e付款码无效:55555555\u003c/ReturnMsg\u003e\u003cReference\u003e08002700E01566221890142218\u003c/Reference\u003e\u003c/xml\u003e"]
2019-08-19 21:38:11  [ pool-1-thread-2:6751 ] - [ DEBUG ]  xml:<xml><ReturnCode>203</ReturnCode><ReturnMsg>付款码无效:55555555</ReturnMsg><Reference>08002700E01566221890142218</Reference></xml>
2019-08-19 21:38:11  [ pool-1-thread-2:6787 ] - [ DEBUG ]  mapOne:{ReturnCode=203, Reference=08002700E01566221890142218, ReturnMsg=付款码无效:55555555}
2019-08-19 21:38:11  [ pool-1-thread-2:6787 ] - [ DEBUG ]  String p1:<xml><Reference>08002700E01566221890142218</Reference></xml>
2019-08-19 21:38:11  [ pool-1-thread-2:7098 ] - [ DEBUG ]  String string:<xml><ReturnCode>205</ReturnCode><ReturnMsg>NOTPAY</ReturnMsg></xml>
2019-08-19 21:38:12  [ pool-1-thread-2:8100 ] - [ DEBUG ]  i:1///{"ReturnCode":"205","ReturnMsg":"NOTPAY"}
2019-08-19 21:38:12  [ pool-1-thread-2:8100 ] - [ DEBUG ]  String p1:<xml><Reference>08002700E01566221890142218</Reference></xml>
2019-08-19 21:38:13  [ pool-1-thread-2:8420 ] - [ DEBUG ]  String string:<xml><ReturnCode>205</ReturnCode><ReturnMsg>NOTPAY</ReturnMsg></xml>
2019-08-19 21:38:14  [ pool-1-thread-2:9421 ] - [ DEBUG ]  i:2///{"ReturnCode":"205","ReturnMsg":"NOTPAY"}
2019-08-19 21:38:14  [ pool-1-thread-2:9422 ] - [ DEBUG ]  String p1:<xml><Reference>08002700E01566221890142218</Reference></xml>
2019-08-19 21:38:14  [ pool-1-thread-2:9699 ] - [ DEBUG ]  String string:<xml><ReturnCode>205</ReturnCode><ReturnMsg>NOTPAY</ReturnMsg></xml>
2019-08-19 21:38:15  [ pool-1-thread-2:10701 ] - [ DEBUG ]  i:3///{"ReturnCode":"205","ReturnMsg":"NOTPAY"}
2019-08-19 21:38:15  [ pool-1-thread-2:10701 ] - [ DEBUG ]  String p1:<xml><Reference>08002700E01566221890142218</Reference></xml>
2019-08-19 21:38:15  [ pool-1-thread-2:10925 ] - [ DEBUG ]  String string:<xml><ReturnCode>205</ReturnCode><ReturnMsg>NOTPAY</ReturnMsg></xml>
2019-08-19 21:38:16  [ pool-1-thread-2:11927 ] - [ DEBUG ]  i:4///{"ReturnCode":"205","ReturnMsg":"NOTPAY"}
2019-08-19 21:38:16  [ pool-1-thread-2:11927 ] - [ DEBUG ]  String p1:<xml><Reference>08002700E01566221890142218</Reference></xml>
2019-08-19 21:38:16  [ pool-1-thread-2:12112 ] - [ DEBUG ]  String string:<xml><ReturnCode>205</ReturnCode><ReturnMsg>NOTPAY</ReturnMsg></xml>
2019-08-19 21:38:17  [ pool-1-thread-2:13114 ] - [ DEBUG ]  i:5///{"ReturnCode":"205","ReturnMsg":"NOTPAY"}
2019-08-19 21:38:17  [ pool-1-thread-2:13114 ] - [ DEBUG ]  String p1:<xml><Reference>08002700E01566221890142218</Reference></xml>
2019-08-19 21:38:18  [ pool-1-thread-2:13296 ] - [ DEBUG ]  String string:<xml><ReturnCode>205</ReturnCode><ReturnMsg>NOTPAY</ReturnMsg></xml>
2019-08-19 21:38:19  [ pool-1-thread-2:14302 ] - [ DEBUG ]  i:6///{"ReturnCode":"205","ReturnMsg":"NOTPAY"}
2019-08-19 21:38:19  [ pool-1-thread-2:14302 ] - [ DEBUG ]  String p1:<xml><Reference>08002700E01566221890142218</Reference></xml>
2019-08-19 21:38:19  [ pool-1-thread-2:14622 ] - [ DEBUG ]  String string:<xml><ReturnCode>205</ReturnCode><ReturnMsg>NOTPAY</ReturnMsg></xml>
2019-08-19 21:38:20  [ pool-1-thread-2:15623 ] - [ DEBUG ]  i:7///{"ReturnCode":"205","ReturnMsg":"NOTPAY"}
2019-08-19 21:38:20  [ pool-1-thread-2:15625 ] - [ DEBUG ]  map:{"Amount":"7","Body":"1","QRCode":"55555555","Reference":"08002700E01566221890142218","ReturnCode":"205","ReturnMsg":"NOTPAY","TransType":"2"}
2019-08-19 21:38:20  [ pool-1-thread-2:15625 ] - [ DEBUG ]  res:["支付方式：二维码\n交易时间：\n订单号：08002700E01566221890142218","客户未支付（未输入密码等）"]
2019-08-19 21:38:20  [ pool-1-thread-2:15625 ] - [ DEBUG ]  String[] strings :["支付方式：二维码\n交易时间：\n订单号：08002700E01566221890142218","客户未支付（未输入密码等）"]
2019-08-19 21:42:33  [ AWT-EventQueue-0:0 ] - [ DEBUG ]  String.valueOf(getTextPane1().getText()).substring(1): 006

2019-08-19 21:42:33  [ AWT-EventQueue-0:2 ] - [ DEBUG ]  amount: 006
2019-08-19 21:42:33  [ AWT-EventQueue-0:7 ] - [ DEBUG ]   f :600.0
2019-08-19 21:42:42  [ pool-1-thread-2:8698 ] - [ DEBUG ]  String tmps :
ffff
2019-08-19 21:42:42  [ pool-1-thread-2:8971 ] - [ DEBUG ]  String p1:<xml><TransType>2</TransType><Amount>600</Amount><Body>1</Body><QRCode>
ffff</QRCode></xml>
2019-08-19 21:42:44  [ pool-1-thread-2:10403 ] - [ DEBUG ]  String[] strings:["\u003cxml\u003e\u003cTransType\u003e2\u003c/TransType\u003e\u003cAmount\u003e600\u003c/Amount\u003e\u003cBody\u003e1\u003c/Body\u003e\u003cQRCode\u003e\nffff\u003c/QRCode\u003e\u003c/xml\u003e","\u003cxml\u003e\u003cReturnCode\u003e203\u003c/ReturnCode\u003e\u003cReturnMsg\u003e付款码无效:ffff\u003c/ReturnMsg\u003e\u003cReference\u003e08002700E01566222162724905\u003c/Reference\u003e\u003c/xml\u003e"]
2019-08-19 21:42:44  [ pool-1-thread-2:10403 ] - [ DEBUG ]  String[] re :["\u003cxml\u003e\u003cTransType\u003e2\u003c/TransType\u003e\u003cAmount\u003e600\u003c/Amount\u003e\u003cBody\u003e1\u003c/Body\u003e\u003cQRCode\u003e\nffff\u003c/QRCode\u003e\u003c/xml\u003e","\u003cxml\u003e\u003cReturnCode\u003e203\u003c/ReturnCode\u003e\u003cReturnMsg\u003e付款码无效:ffff\u003c/ReturnMsg\u003e\u003cReference\u003e08002700E01566222162724905\u003c/Reference\u003e\u003c/xml\u003e"]
2019-08-19 21:42:44  [ pool-1-thread-2:10404 ] - [ DEBUG ]  xml:<xml><ReturnCode>203</ReturnCode><ReturnMsg>付款码无效:ffff</ReturnMsg><Reference>08002700E01566222162724905</Reference></xml>
2019-08-19 21:42:44  [ pool-1-thread-2:10441 ] - [ DEBUG ]  mapOne:{ReturnCode=203, Reference=08002700E01566222162724905, ReturnMsg=付款码无效:ffff}
2019-08-19 21:42:44  [ pool-1-thread-2:10441 ] - [ DEBUG ]  String p1:<xml><Reference>08002700E01566222162724905</Reference></xml>
2019-08-19 21:42:44  [ pool-1-thread-2:10649 ] - [ DEBUG ]  String string:<xml><ReturnCode>205</ReturnCode><ReturnMsg>NOTPAY</ReturnMsg></xml>
2019-08-19 21:42:45  [ pool-1-thread-2:11652 ] - [ DEBUG ]  i:1///{"ReturnCode":"205","ReturnMsg":"NOTPAY"}
2019-08-19 21:42:45  [ pool-1-thread-2:11652 ] - [ DEBUG ]  String p1:<xml><Reference>08002700E01566222162724905</Reference></xml>
2019-08-19 21:42:45  [ pool-1-thread-2:11851 ] - [ DEBUG ]  String string:<xml><ReturnCode>205</ReturnCode><ReturnMsg>NOTPAY</ReturnMsg></xml>
2019-08-19 21:42:46  [ pool-1-thread-2:12856 ] - [ DEBUG ]  i:2///{"ReturnCode":"205","ReturnMsg":"NOTPAY"}
2019-08-19 21:42:46  [ pool-1-thread-2:12856 ] - [ DEBUG ]  String p1:<xml><Reference>08002700E01566222162724905</Reference></xml>
2019-08-19 21:42:46  [ pool-1-thread-2:13045 ] - [ DEBUG ]  String string:<xml><ReturnCode>205</ReturnCode><ReturnMsg>NOTPAY</ReturnMsg></xml>
2019-08-19 21:42:47  [ pool-1-thread-2:14048 ] - [ DEBUG ]  i:3///{"ReturnCode":"205","ReturnMsg":"NOTPAY"}
2019-08-19 21:42:47  [ pool-1-thread-2:14048 ] - [ DEBUG ]  String p1:<xml><Reference>08002700E01566222162724905</Reference></xml>
2019-08-19 21:42:47  [ pool-1-thread-2:14265 ] - [ DEBUG ]  String string:<xml><ReturnCode>205</ReturnCode><ReturnMsg>NOTPAY</ReturnMsg></xml>
2019-08-19 21:42:48  [ pool-1-thread-2:15266 ] - [ DEBUG ]  i:4///{"ReturnCode":"205","ReturnMsg":"NOTPAY"}
2019-08-19 21:42:48  [ pool-1-thread-2:15267 ] - [ DEBUG ]  String p1:<xml><Reference>08002700E01566222162724905</Reference></xml>
2019-08-19 21:42:49  [ pool-1-thread-2:15468 ] - [ DEBUG ]  String string:<xml><ReturnCode>205</ReturnCode><ReturnMsg>NOTPAY</ReturnMsg></xml>
2019-08-19 21:42:50  [ pool-1-thread-2:16469 ] - [ DEBUG ]  i:5///{"ReturnCode":"205","ReturnMsg":"NOTPAY"}
2019-08-19 21:42:50  [ pool-1-thread-2:16469 ] - [ DEBUG ]  String p1:<xml><Reference>08002700E01566222162724905</Reference></xml>
2019-08-19 21:42:50  [ pool-1-thread-2:16663 ] - [ DEBUG ]  String string:<xml><ReturnCode>205</ReturnCode><ReturnMsg>NOTPAY</ReturnMsg></xml>
2019-08-19 21:42:51  [ pool-1-thread-2:17664 ] - [ DEBUG ]  i:6///{"ReturnCode":"205","ReturnMsg":"NOTPAY"}
2019-08-19 21:42:51  [ pool-1-thread-2:17664 ] - [ DEBUG ]  String p1:<xml><Reference>08002700E01566222162724905</Reference></xml>
2019-08-19 21:42:51  [ pool-1-thread-2:17854 ] - [ DEBUG ]  String string:<xml><ReturnCode>205</ReturnCode><ReturnMsg>NOTPAY</ReturnMsg></xml>
2019-08-19 21:42:52  [ pool-1-thread-2:18855 ] - [ DEBUG ]  i:7///{"ReturnCode":"205","ReturnMsg":"NOTPAY"}
2019-08-19 21:42:52  [ pool-1-thread-2:18856 ] - [ DEBUG ]  map:{"Amount":"600","Body":"1","QRCode":"\nffff","Reference":"08002700E01566222162724905","ReturnCode":"205","ReturnMsg":"NOTPAY","TransType":"2"}
2019-08-19 21:42:52  [ pool-1-thread-2:18856 ] - [ DEBUG ]  res:["支付方式：二维码\n交易时间：\n订单号：08002700E01566222162724905","客户未支付（未输入密码等）"]
2019-08-19 21:42:52  [ pool-1-thread-2:18857 ] - [ DEBUG ]  String[] strings :["支付方式：二维码\n交易时间：\n订单号：08002700E01566222162724905","客户未支付（未输入密码等）"]
2019-08-19 21:43:33  [ AWT-EventQueue-0:0 ] - [ DEBUG ]  String.valueOf(getTextPane1().getText()).substring(1): 76.8

2019-08-19 21:43:33  [ AWT-EventQueue-0:2 ] - [ DEBUG ]  amount: 76.8
2019-08-19 21:43:33  [ AWT-EventQueue-0:2 ] - [ DEBUG ]   f :7680.0005
2019-08-19 21:43:40  [ pool-1-thread-2:6677 ] - [ DEBUG ]  String tmps :
55555555
2019-08-19 21:43:40  [ pool-1-thread-2:6951 ] - [ DEBUG ]  String p1:<xml><TransType>2</TransType><Amount>7680</Amount><Body>1</Body><QRCode>
55555555</QRCode></xml>
2019-08-19 21:43:42  [ pool-1-thread-2:8360 ] - [ DEBUG ]  String[] strings:["\u003cxml\u003e\u003cTransType\u003e2\u003c/TransType\u003e\u003cAmount\u003e7680\u003c/Amount\u003e\u003cBody\u003e1\u003c/Body\u003e\u003cQRCode\u003e\n55555555\u003c/QRCode\u003e\u003c/xml\u003e","\u003cxml\u003e\u003cReturnCode\u003e203\u003c/ReturnCode\u003e\u003cReturnMsg\u003e付款码无效:55555555\u003c/ReturnMsg\u003e\u003cReference\u003e08002700E01566222220807096\u003c/Reference\u003e\u003c/xml\u003e"]
2019-08-19 21:43:42  [ pool-1-thread-2:8360 ] - [ DEBUG ]  String[] re :["\u003cxml\u003e\u003cTransType\u003e2\u003c/TransType\u003e\u003cAmount\u003e7680\u003c/Amount\u003e\u003cBody\u003e1\u003c/Body\u003e\u003cQRCode\u003e\n55555555\u003c/QRCode\u003e\u003c/xml\u003e","\u003cxml\u003e\u003cReturnCode\u003e203\u003c/ReturnCode\u003e\u003cReturnMsg\u003e付款码无效:55555555\u003c/ReturnMsg\u003e\u003cReference\u003e08002700E01566222220807096\u003c/Reference\u003e\u003c/xml\u003e"]
2019-08-19 21:43:42  [ pool-1-thread-2:8360 ] - [ DEBUG ]  xml:<xml><ReturnCode>203</ReturnCode><ReturnMsg>付款码无效:55555555</ReturnMsg><Reference>08002700E01566222220807096</Reference></xml>
2019-08-19 21:43:42  [ pool-1-thread-2:8397 ] - [ DEBUG ]  mapOne:{ReturnCode=203, Reference=08002700E01566222220807096, ReturnMsg=付款码无效:55555555}
2019-08-19 21:43:42  [ pool-1-thread-2:8397 ] - [ DEBUG ]  String p1:<xml><Reference>08002700E01566222220807096</Reference></xml>
2019-08-19 21:43:42  [ pool-1-thread-2:8644 ] - [ DEBUG ]  String string:<xml><ReturnCode>205</ReturnCode><ReturnMsg>NOTPAY</ReturnMsg></xml>
2019-08-19 21:43:43  [ pool-1-thread-2:9645 ] - [ DEBUG ]  i:1///{"ReturnCode":"205","ReturnMsg":"NOTPAY"}
2019-08-19 21:43:43  [ pool-1-thread-2:9646 ] - [ DEBUG ]  String p1:<xml><Reference>08002700E01566222220807096</Reference></xml>
2019-08-19 21:43:43  [ pool-1-thread-2:9870 ] - [ DEBUG ]  String string:<xml><ReturnCode>205</ReturnCode><ReturnMsg>NOTPAY</ReturnMsg></xml>
2019-08-19 21:43:44  [ pool-1-thread-2:10871 ] - [ DEBUG ]  i:2///{"ReturnCode":"205","ReturnMsg":"NOTPAY"}
2019-08-19 21:43:44  [ pool-1-thread-2:10871 ] - [ DEBUG ]  String p1:<xml><Reference>08002700E01566222220807096</Reference></xml>
2019-08-19 21:43:44  [ pool-1-thread-2:11063 ] - [ DEBUG ]  String string:<xml><ReturnCode>205</ReturnCode><ReturnMsg>NOTPAY</ReturnMsg></xml>
2019-08-19 21:43:45  [ pool-1-thread-2:12064 ] - [ DEBUG ]  i:3///{"ReturnCode":"205","ReturnMsg":"NOTPAY"}
2019-08-19 21:43:45  [ pool-1-thread-2:12064 ] - [ DEBUG ]  String p1:<xml><Reference>08002700E01566222220807096</Reference></xml>
2019-08-19 21:43:46  [ pool-1-thread-2:12254 ] - [ DEBUG ]  String string:<xml><ReturnCode>205</ReturnCode><ReturnMsg>NOTPAY</ReturnMsg></xml>
2019-08-19 21:43:47  [ pool-1-thread-2:13256 ] - [ DEBUG ]  i:4///{"ReturnCode":"205","ReturnMsg":"NOTPAY"}
2019-08-19 21:43:47  [ pool-1-thread-2:13256 ] - [ DEBUG ]  String p1:<xml><Reference>08002700E01566222220807096</Reference></xml>
2019-08-19 21:43:47  [ pool-1-thread-2:13459 ] - [ DEBUG ]  String string:<xml><ReturnCode>205</ReturnCode><ReturnMsg>NOTPAY</ReturnMsg></xml>
2019-08-19 21:43:48  [ pool-1-thread-2:14461 ] - [ DEBUG ]  i:5///{"ReturnCode":"205","ReturnMsg":"NOTPAY"}
2019-08-19 21:43:48  [ pool-1-thread-2:14461 ] - [ DEBUG ]  String p1:<xml><Reference>08002700E01566222220807096</Reference></xml>
2019-08-19 21:43:48  [ pool-1-thread-2:14687 ] - [ DEBUG ]  String string:<xml><ReturnCode>205</ReturnCode><ReturnMsg>NOTPAY</ReturnMsg></xml>
2019-08-19 21:43:49  [ pool-1-thread-2:15688 ] - [ DEBUG ]  i:6///{"ReturnCode":"205","ReturnMsg":"NOTPAY"}
2019-08-19 21:43:49  [ pool-1-thread-2:15689 ] - [ DEBUG ]  String p1:<xml><Reference>08002700E01566222220807096</Reference></xml>
2019-08-19 21:43:49  [ pool-1-thread-2:15927 ] - [ DEBUG ]  String string:<xml><ReturnCode>205</ReturnCode><ReturnMsg>NOTPAY</ReturnMsg></xml>
2019-08-19 21:43:50  [ pool-1-thread-2:16928 ] - [ DEBUG ]  i:7///{"ReturnCode":"205","ReturnMsg":"NOTPAY"}
2019-08-19 21:43:50  [ pool-1-thread-2:16929 ] - [ DEBUG ]  map:{"Amount":"7680","Body":"1","QRCode":"\n55555555","Reference":"08002700E01566222220807096","ReturnCode":"205","ReturnMsg":"NOTPAY","TransType":"2"}
2019-08-19 21:43:50  [ pool-1-thread-2:16929 ] - [ DEBUG ]  res:["支付方式：二维码\n交易时间：\n订单号：08002700E01566222220807096","客户未支付（未输入密码等）"]
2019-08-19 21:43:50  [ pool-1-thread-2:16930 ] - [ DEBUG ]  String[] strings :["支付方式：二维码\n交易时间：\n订单号：08002700E01566222220807096","客户未支付（未输入密码等）"]
2019-08-19 21:44:10  [ AWT-EventQueue-0:0 ] - [ DEBUG ]  String.valueOf(getTextPane1().getText()).substring(1): 0.07

2019-08-19 21:44:10  [ AWT-EventQueue-0:1 ] - [ DEBUG ]  amount: 0.07
2019-08-19 21:44:10  [ AWT-EventQueue-0:2 ] - [ DEBUG ]   f :7.0
2019-08-19 21:44:16  [ pool-1-thread-2:6387 ] - [ DEBUG ]  String tmps :555555555
2019-08-19 21:44:16  [ pool-1-thread-2:6676 ] - [ DEBUG ]  String p1:<xml><TransType>2</TransType><Amount>7</Amount><Body>1</Body><QRCode>555555555</QRCode></xml>
2019-08-19 21:44:18  [ pool-1-thread-2:8010 ] - [ DEBUG ]  String[] strings:["\u003cxml\u003e\u003cTransType\u003e2\u003c/TransType\u003e\u003cAmount\u003e7\u003c/Amount\u003e\u003cBody\u003e1\u003c/Body\u003e\u003cQRCode\u003e555555555\u003c/QRCode\u003e\u003c/xml\u003e","\u003cxml\u003e\u003cReturnCode\u003e203\u003c/ReturnCode\u003e\u003cReturnMsg\u003e付款码无效:555555555\u003c/ReturnMsg\u003e\u003cReference\u003e08002700E01566222256754750\u003c/Reference\u003e\u003c/xml\u003e"]
2019-08-19 21:44:18  [ pool-1-thread-2:8011 ] - [ DEBUG ]  String[] re :["\u003cxml\u003e\u003cTransType\u003e2\u003c/TransType\u003e\u003cAmount\u003e7\u003c/Amount\u003e\u003cBody\u003e1\u003c/Body\u003e\u003cQRCode\u003e555555555\u003c/QRCode\u003e\u003c/xml\u003e","\u003cxml\u003e\u003cReturnCode\u003e203\u003c/ReturnCode\u003e\u003cReturnMsg\u003e付款码无效:555555555\u003c/ReturnMsg\u003e\u003cReference\u003e08002700E01566222256754750\u003c/Reference\u003e\u003c/xml\u003e"]
2019-08-19 21:44:18  [ pool-1-thread-2:8011 ] - [ DEBUG ]  xml:<xml><ReturnCode>203</ReturnCode><ReturnMsg>付款码无效:555555555</ReturnMsg><Reference>08002700E01566222256754750</Reference></xml>
2019-08-19 21:44:18  [ pool-1-thread-2:8046 ] - [ DEBUG ]  mapOne:{ReturnCode=203, Reference=08002700E01566222256754750, ReturnMsg=付款码无效:555555555}
2019-08-19 21:44:18  [ pool-1-thread-2:8046 ] - [ DEBUG ]  String p1:<xml><Reference>08002700E01566222256754750</Reference></xml>
2019-08-19 21:44:18  [ pool-1-thread-2:8185 ] - [ DEBUG ]  String string:<xml><ReturnCode>205</ReturnCode><ReturnMsg>NOTPAY</ReturnMsg></xml>
2019-08-19 21:44:19  [ pool-1-thread-2:9188 ] - [ DEBUG ]  i:1///{"ReturnCode":"205","ReturnMsg":"NOTPAY"}
2019-08-19 21:44:19  [ pool-1-thread-2:9188 ] - [ DEBUG ]  String p1:<xml><Reference>08002700E01566222256754750</Reference></xml>
2019-08-19 21:44:19  [ pool-1-thread-2:9427 ] - [ DEBUG ]  String string:<xml><ReturnCode>205</ReturnCode><ReturnMsg>NOTPAY</ReturnMsg></xml>
2019-08-19 21:44:20  [ pool-1-thread-2:10428 ] - [ DEBUG ]  i:2///{"ReturnCode":"205","ReturnMsg":"NOTPAY"}
2019-08-19 21:44:20  [ pool-1-thread-2:10429 ] - [ DEBUG ]  String p1:<xml><Reference>08002700E01566222256754750</Reference></xml>
2019-08-19 21:44:20  [ pool-1-thread-2:10616 ] - [ DEBUG ]  String string:<xml><ReturnCode>205</ReturnCode><ReturnMsg>NOTPAY</ReturnMsg></xml>
2019-08-19 21:44:21  [ pool-1-thread-2:11617 ] - [ DEBUG ]  i:3///{"ReturnCode":"205","ReturnMsg":"NOTPAY"}
2019-08-19 21:44:21  [ pool-1-thread-2:11617 ] - [ DEBUG ]  String p1:<xml><Reference>08002700E01566222256754750</Reference></xml>
2019-08-19 21:44:21  [ pool-1-thread-2:11790 ] - [ DEBUG ]  String string:<xml><ReturnCode>205</ReturnCode><ReturnMsg>NOTPAY</ReturnMsg></xml>
2019-08-19 21:44:22  [ pool-1-thread-2:12792 ] - [ DEBUG ]  i:4///{"ReturnCode":"205","ReturnMsg":"NOTPAY"}
2019-08-19 21:44:22  [ pool-1-thread-2:12792 ] - [ DEBUG ]  String p1:<xml><Reference>08002700E01566222256754750</Reference></xml>
2019-08-19 21:44:22  [ pool-1-thread-2:12936 ] - [ DEBUG ]  String string:<xml><ReturnCode>205</ReturnCode><ReturnMsg>NOTPAY</ReturnMsg></xml>
2019-08-19 21:44:23  [ pool-1-thread-2:13938 ] - [ DEBUG ]  i:5///{"ReturnCode":"205","ReturnMsg":"NOTPAY"}
2019-08-19 21:44:23  [ pool-1-thread-2:13938 ] - [ DEBUG ]  String p1:<xml><Reference>08002700E01566222256754750</Reference></xml>
2019-08-19 21:44:24  [ pool-1-thread-2:14174 ] - [ DEBUG ]  String string:<xml><ReturnCode>205</ReturnCode><ReturnMsg>NOTPAY</ReturnMsg></xml>
2019-08-19 21:44:25  [ pool-1-thread-2:15176 ] - [ DEBUG ]  i:6///{"ReturnCode":"205","ReturnMsg":"NOTPAY"}
2019-08-19 21:44:25  [ pool-1-thread-2:15176 ] - [ DEBUG ]  String p1:<xml><Reference>08002700E01566222256754750</Reference></xml>
2019-08-19 21:44:25  [ pool-1-thread-2:15321 ] - [ DEBUG ]  String string:<xml><ReturnCode>205</ReturnCode><ReturnMsg>NOTPAY</ReturnMsg></xml>
2019-08-19 21:44:26  [ pool-1-thread-2:16322 ] - [ DEBUG ]  i:7///{"ReturnCode":"205","ReturnMsg":"NOTPAY"}
2019-08-19 21:44:26  [ pool-1-thread-2:16324 ] - [ DEBUG ]  map:{"Amount":"7","Body":"1","QRCode":"555555555","Reference":"08002700E01566222256754750","ReturnCode":"205","ReturnMsg":"NOTPAY","TransType":"2"}
2019-08-19 21:44:26  [ pool-1-thread-2:16324 ] - [ DEBUG ]  res:["支付方式：二维码\n交易时间：\n订单号：08002700E01566222256754750","客户未支付（未输入密码等）"]
2019-08-19 21:44:26  [ pool-1-thread-2:16324 ] - [ DEBUG ]  String[] strings :["支付方式：二维码\n交易时间：\n订单号：08002700E01566222256754750","客户未支付（未输入密码等）"]
2019-08-19 21:44:54  [ AWT-EventQueue-0:0 ] - [ DEBUG ]  进入panel6MouseClicked
2019-08-19 21:44:54  [ AWT-EventQueue-0:2 ] - [ DEBUG ]  String.valueOf(getTextPane1().getText()).substring(1): 66

2019-08-19 21:44:54  [ AWT-EventQueue-0:2 ] - [ DEBUG ]  amount: 66
2019-08-19 21:44:54  [ AWT-EventQueue-0:2 ] - [ DEBUG ]   f :6600.0
2019-08-19 21:44:55  [ AWT-EventQueue-0:0 ] - [ DEBUG ]  进入panel6MouseClicked
2019-08-19 21:44:55  [ AWT-EventQueue-0:2 ] - [ DEBUG ]  String.valueOf(getTextPane1().getText()).substring(1): 0.07

2019-08-19 21:44:55  [ AWT-EventQueue-0:2 ] - [ DEBUG ]  amount: 0.07
2019-08-19 21:44:55  [ AWT-EventQueue-0:2 ] - [ DEBUG ]   f :7.0
2019-08-19 21:45:00  [ AWT-EventQueue-0:5128 ] - [ DEBUG ]  8888

2019-08-19 21:45:00  [ AWT-EventQueue-0:5128 ] - [ DEBUG ]  amount:8888
2019-08-19 21:45:00  [ AWT-EventQueue-0:5128 ] - [ DEBUG ]   f :888800.0
2019-08-19 21:45:01  [ AWT-EventQueue-0:6936 ] - [ DEBUG ]  进入panel6MouseClicked
2019-08-19 21:45:01  [ AWT-EventQueue-0:6936 ] - [ DEBUG ]  String.valueOf(getTextPane1().getText()).substring(1):77777

2019-08-19 21:45:01  [ AWT-EventQueue-0:6936 ] - [ DEBUG ]  amount:77777
2019-08-19 21:45:01  [ AWT-EventQueue-0:6937 ] - [ DEBUG ]   f :7777700.0
2019-08-19 21:45:10  [ pool-1-thread-2:15875 ] - [ DEBUG ]  String tmps :555555
2019-08-19 21:45:10  [ pool-1-thread-2:16185 ] - [ DEBUG ]  String p1:<xml><TransType>2</TransType><Amount>6600</Amount><Body>1</Body><QRCode>555555</QRCode></xml>
2019-08-19 21:45:10  [ pool-1-thread-4:16358 ] - [ DEBUG ]  String tmps :555555

2019-08-19 21:45:10  [ pool-1-thread-4:16358 ] - [ DEBUG ]  String p1:<xml><TransType>2</TransType><Amount>7777700</Amount><Body>1</Body><QRCode>555555
</QRCode></xml>
2019-08-19 21:45:11  [ pool-1-thread-2:17579 ] - [ DEBUG ]  String[] strings:["\u003cxml\u003e\u003cTransType\u003e2\u003c/TransType\u003e\u003cAmount\u003e6600\u003c/Amount\u003e\u003cBody\u003e1\u003c/Body\u003e\u003cQRCode\u003e555555\u003c/QRCode\u003e\u003c/xml\u003e","\u003cxml\u003e\u003cReturnCode\u003e203\u003c/ReturnCode\u003e\u003cReturnMsg\u003e付款码无效:555555\u003c/ReturnMsg\u003e\u003cReference\u003e08002700E01566222310434447\u003c/Reference\u003e\u003c/xml\u003e"]
2019-08-19 21:45:11  [ pool-1-thread-2:17579 ] - [ DEBUG ]  String[] re :["\u003cxml\u003e\u003cTransType\u003e2\u003c/TransType\u003e\u003cAmount\u003e6600\u003c/Amount\u003e\u003cBody\u003e1\u003c/Body\u003e\u003cQRCode\u003e555555\u003c/QRCode\u003e\u003c/xml\u003e","\u003cxml\u003e\u003cReturnCode\u003e203\u003c/ReturnCode\u003e\u003cReturnMsg\u003e付款码无效:555555\u003c/ReturnMsg\u003e\u003cReference\u003e08002700E01566222310434447\u003c/Reference\u003e\u003c/xml\u003e"]
2019-08-19 21:45:11  [ pool-1-thread-2:17579 ] - [ DEBUG ]  xml:<xml><ReturnCode>203</ReturnCode><ReturnMsg>付款码无效:555555</ReturnMsg><Reference>08002700E01566222310434447</Reference></xml>
2019-08-19 21:45:11  [ pool-1-thread-2:17616 ] - [ DEBUG ]  mapOne:{ReturnCode=203, Reference=08002700E01566222310434447, ReturnMsg=付款码无效:555555}
2019-08-19 21:45:11  [ pool-1-thread-2:17617 ] - [ DEBUG ]  String p1:<xml><Reference>08002700E01566222310434447</Reference></xml>
2019-08-19 21:45:11  [ pool-1-thread-4:17643 ] - [ DEBUG ]  String[] strings:["\u003cxml\u003e\u003cTransType\u003e2\u003c/TransType\u003e\u003cAmount\u003e7777700\u003c/Amount\u003e\u003cBody\u003e1\u003c/Body\u003e\u003cQRCode\u003e555555\n\u003c/QRCode\u003e\u003c/xml\u003e","\u003cxml\u003e\u003cReturnCode\u003e203\u003c/ReturnCode\u003e\u003cReturnMsg\u003e付款码无效:555555\u003c/ReturnMsg\u003e\u003cReference\u003e08002700E01566222310572323\u003c/Reference\u003e\u003c/xml\u003e"]
2019-08-19 21:45:11  [ pool-1-thread-4:17644 ] - [ DEBUG ]  String[] re :["\u003cxml\u003e\u003cTransType\u003e2\u003c/TransType\u003e\u003cAmount\u003e7777700\u003c/Amount\u003e\u003cBody\u003e1\u003c/Body\u003e\u003cQRCode\u003e555555\n\u003c/QRCode\u003e\u003c/xml\u003e","\u003cxml\u003e\u003cReturnCode\u003e203\u003c/ReturnCode\u003e\u003cReturnMsg\u003e付款码无效:555555\u003c/ReturnMsg\u003e\u003cReference\u003e08002700E01566222310572323\u003c/Reference\u003e\u003c/xml\u003e"]
2019-08-19 21:45:11  [ pool-1-thread-4:17644 ] - [ DEBUG ]  xml:<xml><ReturnCode>203</ReturnCode><ReturnMsg>付款码无效:555555</ReturnMsg><Reference>08002700E01566222310572323</Reference></xml>
2019-08-19 21:45:11  [ pool-1-thread-4:17649 ] - [ DEBUG ]  mapOne:{ReturnCode=203, Reference=08002700E01566222310572323, ReturnMsg=付款码无效:555555}
2019-08-19 21:45:11  [ pool-1-thread-4:17649 ] - [ DEBUG ]  String p1:<xml><Reference>08002700E01566222310572323</Reference></xml>
2019-08-19 21:45:11  [ pool-1-thread-4:17822 ] - [ DEBUG ]  String string:<xml><ReturnCode>205</ReturnCode><ReturnMsg>NOTPAY</ReturnMsg></xml>
2019-08-19 21:45:12  [ pool-1-thread-2:17840 ] - [ DEBUG ]  String string:<xml><ReturnCode>205</ReturnCode><ReturnMsg>NOTPAY</ReturnMsg></xml>
2019-08-19 21:45:12  [ pool-1-thread-4:18824 ] - [ DEBUG ]  i:1///{"ReturnCode":"205","ReturnMsg":"NOTPAY"}
2019-08-19 21:45:12  [ pool-1-thread-4:18824 ] - [ DEBUG ]  String p1:<xml><Reference>08002700E01566222310572323</Reference></xml>
2019-08-19 21:45:13  [ pool-1-thread-2:18841 ] - [ DEBUG ]  i:1///{"ReturnCode":"205","ReturnMsg":"NOTPAY"}
2019-08-19 21:45:13  [ pool-1-thread-2:18841 ] - [ DEBUG ]  String p1:<xml><Reference>08002700E01566222310434447</Reference></xml>
2019-08-19 21:45:13  [ pool-1-thread-2:19053 ] - [ DEBUG ]  String string:<xml><ReturnCode>205</ReturnCode><ReturnMsg>NOTPAY</ReturnMsg></xml>
2019-08-19 21:45:13  [ pool-1-thread-4:19102 ] - [ DEBUG ]  String string:<xml><ReturnCode>205</ReturnCode><ReturnMsg>NOTPAY</ReturnMsg></xml>
2019-08-19 21:45:13  [ AWT-EventQueue-0:18864 ] - [ DEBUG ]  进入panel6MouseClicked
2019-08-19 21:45:13  [ AWT-EventQueue-0:18864 ] - [ DEBUG ]  String.valueOf(getTextPane1().getText()).substring(1):6878

2019-08-19 21:45:13  [ AWT-EventQueue-0:18864 ] - [ DEBUG ]  amount:6878
2019-08-19 21:45:13  [ AWT-EventQueue-0:18865 ] - [ DEBUG ]   f :687800.0
2019-08-19 21:45:14  [ pool-1-thread-2:20055 ] - [ DEBUG ]  i:2///{"ReturnCode":"205","ReturnMsg":"NOTPAY"}
2019-08-19 21:45:14  [ pool-1-thread-2:20055 ] - [ DEBUG ]  String p1:<xml><Reference>08002700E01566222310434447</Reference></xml>
2019-08-19 21:45:14  [ pool-1-thread-4:20103 ] - [ DEBUG ]  i:2///{"ReturnCode":"205","ReturnMsg":"NOTPAY"}
2019-08-19 21:45:14  [ pool-1-thread-4:20103 ] - [ DEBUG ]  String p1:<xml><Reference>08002700E01566222310572323</Reference></xml>
2019-08-19 21:45:14  [ pool-1-thread-2:20202 ] - [ DEBUG ]  String string:<xml><ReturnCode>205</ReturnCode><ReturnMsg>NOTPAY</ReturnMsg></xml>
2019-08-19 21:45:14  [ pool-1-thread-4:20231 ] - [ DEBUG ]  String string:<xml><ReturnCode>205</ReturnCode><ReturnMsg>NOTPAY</ReturnMsg></xml>
2019-08-19 21:45:15  [ pool-1-thread-2:21204 ] - [ DEBUG ]  i:3///{"ReturnCode":"205","ReturnMsg":"NOTPAY"}
2019-08-19 21:45:15  [ pool-1-thread-2:21204 ] - [ DEBUG ]  String p1:<xml><Reference>08002700E01566222310434447</Reference></xml>
2019-08-19 21:45:15  [ pool-1-thread-4:21233 ] - [ DEBUG ]  i:3///{"ReturnCode":"205","ReturnMsg":"NOTPAY"}
2019-08-19 21:45:15  [ pool-1-thread-4:21233 ] - [ DEBUG ]  String p1:<xml><Reference>08002700E01566222310572323</Reference></xml>
2019-08-19 21:45:15  [ pool-1-thread-2:21351 ] - [ DEBUG ]  String string:<xml><ReturnCode>205</ReturnCode><ReturnMsg>NOTPAY</ReturnMsg></xml>
2019-08-19 21:45:15  [ pool-1-thread-4:21401 ] - [ DEBUG ]  String string:<xml><ReturnCode>205</ReturnCode><ReturnMsg>NOTPAY</ReturnMsg></xml>
2019-08-19 21:45:16  [ pool-1-thread-2:22353 ] - [ DEBUG ]  i:4///{"ReturnCode":"205","ReturnMsg":"NOTPAY"}
2019-08-19 21:45:16  [ pool-1-thread-2:22353 ] - [ DEBUG ]  String p1:<xml><Reference>08002700E01566222310434447</Reference></xml>
2019-08-19 21:45:16  [ pool-1-thread-4:22402 ] - [ DEBUG ]  i:4///{"ReturnCode":"205","ReturnMsg":"NOTPAY"}
2019-08-19 21:45:16  [ pool-1-thread-4:22403 ] - [ DEBUG ]  String p1:<xml><Reference>08002700E01566222310572323</Reference></xml>
2019-08-19 21:45:16  [ pool-1-thread-4:22570 ] - [ DEBUG ]  String string:<xml><ReturnCode>205</ReturnCode><ReturnMsg>NOTPAY</ReturnMsg></xml>
2019-08-19 21:45:16  [ pool-1-thread-2:22589 ] - [ DEBUG ]  String string:<xml><ReturnCode>205</ReturnCode><ReturnMsg>NOTPAY</ReturnMsg></xml>
2019-08-19 21:45:17  [ pool-1-thread-4:23571 ] - [ DEBUG ]  i:5///{"ReturnCode":"205","ReturnMsg":"NOTPAY"}
2019-08-19 21:45:17  [ pool-1-thread-4:23572 ] - [ DEBUG ]  String p1:<xml><Reference>08002700E01566222310572323</Reference></xml>
2019-08-19 21:45:17  [ pool-1-thread-2:23591 ] - [ DEBUG ]  i:5///{"ReturnCode":"205","ReturnMsg":"NOTPAY"}
2019-08-19 21:45:17  [ pool-1-thread-2:23592 ] - [ DEBUG ]  String p1:<xml><Reference>08002700E01566222310434447</Reference></xml>
2019-08-19 21:45:17  [ pool-1-thread-4:23735 ] - [ DEBUG ]  String string:<xml><ReturnCode>205</ReturnCode><ReturnMsg>NOTPAY</ReturnMsg></xml>
2019-08-19 21:45:17  [ pool-1-thread-2:23803 ] - [ DEBUG ]  String string:<xml><ReturnCode>205</ReturnCode><ReturnMsg>NOTPAY</ReturnMsg></xml>
2019-08-19 21:45:18  [ pool-1-thread-4:24736 ] - [ DEBUG ]  i:6///{"ReturnCode":"205","ReturnMsg":"NOTPAY"}
2019-08-19 21:45:18  [ pool-1-thread-4:24737 ] - [ DEBUG ]  String p1:<xml><Reference>08002700E01566222310572323</Reference></xml>
2019-08-19 21:45:18  [ pool-1-thread-2:24805 ] - [ DEBUG ]  i:6///{"ReturnCode":"205","ReturnMsg":"NOTPAY"}
2019-08-19 21:45:18  [ pool-1-thread-2:24805 ] - [ DEBUG ]  String p1:<xml><Reference>08002700E01566222310434447</Reference></xml>
2019-08-19 21:45:19  [ pool-1-thread-4:24926 ] - [ DEBUG ]  String string:<xml><ReturnCode>205</ReturnCode><ReturnMsg>NOTPAY</ReturnMsg></xml>
2019-08-19 21:45:19  [ pool-1-thread-2:25018 ] - [ DEBUG ]  String string:<xml><ReturnCode>205</ReturnCode><ReturnMsg>NOTPAY</ReturnMsg></xml>
2019-08-19 21:45:20  [ pool-1-thread-4:25927 ] - [ DEBUG ]  i:7///{"ReturnCode":"205","ReturnMsg":"NOTPAY"}
2019-08-19 21:45:20  [ pool-1-thread-4:25928 ] - [ DEBUG ]  map:{"Amount":"7777700","Body":"1","QRCode":"555555\n","Reference":"08002700E01566222310572323","ReturnCode":"205","ReturnMsg":"NOTPAY","TransType":"2"}
2019-08-19 21:45:20  [ pool-1-thread-4:25928 ] - [ DEBUG ]  res:["支付方式：二维码\n交易时间：\n订单号：08002700E01566222310572323","客户未支付（未输入密码等）"]
2019-08-19 21:45:20  [ pool-1-thread-4:25929 ] - [ DEBUG ]  String[] strings :["支付方式：二维码\n交易时间：\n订单号：08002700E01566222310572323","客户未支付（未输入密码等）"]
2019-08-19 21:45:20  [ pool-1-thread-2:26019 ] - [ DEBUG ]  i:7///{"ReturnCode":"205","ReturnMsg":"NOTPAY"}
2019-08-19 21:45:20  [ pool-1-thread-2:26020 ] - [ DEBUG ]  map:{"Amount":"6600","Body":"1","QRCode":"555555","Reference":"08002700E01566222310434447","ReturnCode":"205","ReturnMsg":"NOTPAY","TransType":"2"}
2019-08-19 21:45:20  [ pool-1-thread-2:26020 ] - [ DEBUG ]  res:["支付方式：二维码\n交易时间：\n订单号：08002700E01566222310434447","客户未支付（未输入密码等）"]
2019-08-19 21:45:20  [ pool-1-thread-2:26020 ] - [ DEBUG ]  String[] strings :["支付方式：二维码\n交易时间：\n订单号：08002700E01566222310434447","客户未支付（未输入密码等）"]
2019-08-19 21:45:21  [ pool-1-thread-2:26118 ] - [ DEBUG ]  String tmps :8888888888
2019-08-19 21:45:21  [ pool-1-thread-2:26395 ] - [ DEBUG ]  String p1:<xml><TransType>2</TransType><Amount>7</Amount><Body>1</Body><QRCode>8888888888</QRCode></xml>
2019-08-19 21:45:22  [ pool-1-thread-2:27773 ] - [ DEBUG ]  String[] strings:["\u003cxml\u003e\u003cTransType\u003e2\u003c/TransType\u003e\u003cAmount\u003e7\u003c/Amount\u003e\u003cBody\u003e1\u003c/Body\u003e\u003cQRCode\u003e8888888888\u003c/QRCode\u003e\u003c/xml\u003e","\u003cxml\u003e\u003cReturnCode\u003e203\u003c/ReturnCode\u003e\u003cReturnMsg\u003e付款码无效:8888888888\u003c/ReturnMsg\u003e\u003cReference\u003e08002700E01566222321488806\u003c/Reference\u003e\u003c/xml\u003e"]
2019-08-19 21:45:22  [ pool-1-thread-2:27773 ] - [ DEBUG ]  String[] re :["\u003cxml\u003e\u003cTransType\u003e2\u003c/TransType\u003e\u003cAmount\u003e7\u003c/Amount\u003e\u003cBody\u003e1\u003c/Body\u003e\u003cQRCode\u003e8888888888\u003c/QRCode\u003e\u003c/xml\u003e","\u003cxml\u003e\u003cReturnCode\u003e203\u003c/ReturnCode\u003e\u003cReturnMsg\u003e付款码无效:8888888888\u003c/ReturnMsg\u003e\u003cReference\u003e08002700E01566222321488806\u003c/Reference\u003e\u003c/xml\u003e"]
2019-08-19 21:45:22  [ pool-1-thread-2:27773 ] - [ DEBUG ]  xml:<xml><ReturnCode>203</ReturnCode><ReturnMsg>付款码无效:8888888888</ReturnMsg><Reference>08002700E01566222321488806</Reference></xml>
2019-08-19 21:45:22  [ pool-1-thread-2:27816 ] - [ DEBUG ]  mapOne:{ReturnCode=203, Reference=08002700E01566222321488806, ReturnMsg=付款码无效:8888888888}
2019-08-19 21:45:22  [ pool-1-thread-2:27816 ] - [ DEBUG ]  String p1:<xml><Reference>08002700E01566222321488806</Reference></xml>
2019-08-19 21:45:23  [ pool-1-thread-2:28004 ] - [ DEBUG ]  String string:<xml><ReturnCode>205</ReturnCode><ReturnMsg>NOTPAY</ReturnMsg></xml>
2019-08-19 21:45:24  [ pool-1-thread-2:29008 ] - [ DEBUG ]  i:1///{"ReturnCode":"205","ReturnMsg":"NOTPAY"}
2019-08-19 21:45:24  [ pool-1-thread-2:29008 ] - [ DEBUG ]  String p1:<xml><Reference>08002700E01566222321488806</Reference></xml>
2019-08-19 21:45:24  [ pool-1-thread-2:29165 ] - [ DEBUG ]  String string:<xml><ReturnCode>205</ReturnCode><ReturnMsg>NOTPAY</ReturnMsg></xml>
2019-08-19 21:45:25  [ pool-1-thread-2:30167 ] - [ DEBUG ]  i:2///{"ReturnCode":"205","ReturnMsg":"NOTPAY"}
2019-08-19 21:45:25  [ pool-1-thread-2:30167 ] - [ DEBUG ]  String p1:<xml><Reference>08002700E01566222321488806</Reference></xml>
2019-08-19 21:45:25  [ pool-1-thread-2:30415 ] - [ DEBUG ]  String string:<xml><ReturnCode>205</ReturnCode><ReturnMsg>NOTPAY</ReturnMsg></xml>
2019-08-19 21:45:26  [ pool-1-thread-2:31416 ] - [ DEBUG ]  i:3///{"ReturnCode":"205","ReturnMsg":"NOTPAY"}
2019-08-19 21:45:26  [ pool-1-thread-2:31416 ] - [ DEBUG ]  String p1:<xml><Reference>08002700E01566222321488806</Reference></xml>
2019-08-19 21:45:26  [ pool-1-thread-2:31558 ] - [ DEBUG ]  String string:<xml><ReturnCode>205</ReturnCode><ReturnMsg>NOTPAY</ReturnMsg></xml>
2019-08-19 21:45:27  [ pool-1-thread-2:32559 ] - [ DEBUG ]  i:4///{"ReturnCode":"205","ReturnMsg":"NOTPAY"}
2019-08-19 21:45:27  [ pool-1-thread-2:32559 ] - [ DEBUG ]  String p1:<xml><Reference>08002700E01566222321488806</Reference></xml>
2019-08-19 21:45:27  [ pool-1-thread-2:32788 ] - [ DEBUG ]  String string:<xml><ReturnCode>205</ReturnCode><ReturnMsg>NOTPAY</ReturnMsg></xml>
2019-08-19 21:45:28  [ pool-1-thread-2:33790 ] - [ DEBUG ]  i:5///{"ReturnCode":"205","ReturnMsg":"NOTPAY"}
2019-08-19 21:45:28  [ pool-1-thread-2:33790 ] - [ DEBUG ]  String p1:<xml><Reference>08002700E01566222321488806</Reference></xml>
2019-08-19 21:45:29  [ pool-1-thread-2:34012 ] - [ DEBUG ]  String string:<xml><ReturnCode>205</ReturnCode><ReturnMsg>NOTPAY</ReturnMsg></xml>
2019-08-19 21:45:30  [ pool-1-thread-2:35013 ] - [ DEBUG ]  i:6///{"ReturnCode":"205","ReturnMsg":"NOTPAY"}
2019-08-19 21:45:30  [ pool-1-thread-2:35014 ] - [ DEBUG ]  String p1:<xml><Reference>08002700E01566222321488806</Reference></xml>
2019-08-19 21:45:30  [ pool-1-thread-2:35156 ] - [ DEBUG ]  String string:<xml><ReturnCode>205</ReturnCode><ReturnMsg>NOTPAY</ReturnMsg></xml>
2019-08-19 21:45:31  [ pool-1-thread-2:36157 ] - [ DEBUG ]  i:7///{"ReturnCode":"205","ReturnMsg":"NOTPAY"}
2019-08-19 21:45:31  [ pool-1-thread-2:36159 ] - [ DEBUG ]  map:{"Amount":"7","Body":"1","QRCode":"8888888888","Reference":"08002700E01566222321488806","ReturnCode":"205","ReturnMsg":"NOTPAY","TransType":"2"}
2019-08-19 21:45:31  [ pool-1-thread-2:36159 ] - [ DEBUG ]  res:["支付方式：二维码\n交易时间：\n订单号：08002700E01566222321488806","客户未支付（未输入密码等）"]
2019-08-19 21:45:31  [ pool-1-thread-2:36159 ] - [ DEBUG ]  String[] strings :["支付方式：二维码\n交易时间：\n订单号：08002700E01566222321488806","客户未支付（未输入密码等）"]
2019-08-19 21:45:46  [ AWT-EventQueue-0:52608 ] - [ DEBUG ]  进入panel6MouseClicked
2019-08-19 21:45:50  [ AWT-EventQueue-0:56256 ] - [ DEBUG ]  

2019-08-19 21:45:50  [ AWT-EventQueue-0:56256 ] - [ DEBUG ]  amount:
2019-08-19 21:45:57  [ AWT-EventQueue-0:63192 ] - [ DEBUG ]  

2019-08-19 21:45:57  [ AWT-EventQueue-0:63192 ] - [ DEBUG ]  amount:
2019-08-19 21:45:58  [ AWT-EventQueue-0:63840 ] - [ DEBUG ]  

2019-08-19 21:45:58  [ AWT-EventQueue-0:63840 ] - [ DEBUG ]  amount:
2019-08-19 21:46:00  [ AWT-EventQueue-0:66240 ] - [ DEBUG ]  000

2019-08-19 21:46:00  [ AWT-EventQueue-0:66240 ] - [ DEBUG ]  amount:000
2019-08-19 21:46:00  [ AWT-EventQueue-0:66240 ] - [ DEBUG ]   f :0.0
2019-08-19 21:49:17  [ AWT-EventQueue-0:0 ] - [ DEBUG ]  进入panel6MouseClicked
2019-08-19 21:49:17  [ AWT-EventQueue-0:2 ] - [ DEBUG ]  String.valueOf(getTextPane1().getText()).substring(1):979869 

2019-08-19 21:49:17  [ AWT-EventQueue-0:2 ] - [ DEBUG ]  amount:979869 
2019-08-19 21:49:17  [ AWT-EventQueue-0:2 ] - [ DEBUG ]   f :9.7986896E7
2019-08-19 21:49:20  [ AWT-EventQueue-0:2880 ] - [ DEBUG ]  进入panel6MouseClicked
2019-08-19 21:49:20  [ AWT-EventQueue-0:2881 ] - [ DEBUG ]  String.valueOf(getTextPane1().getText()).substring(1):'tu'r'tu't'r

2019-08-19 21:49:20  [ AWT-EventQueue-0:2881 ] - [ DEBUG ]  amount:'tu'r'tu't'r
2019-08-19 21:49:22  [ AWT-EventQueue-0:4752 ] - [ DEBUG ]  进入panel6MouseClicked
2019-08-19 21:49:22  [ AWT-EventQueue-0:4753 ] - [ DEBUG ]  String.valueOf(getTextPane1().getText()).substring(1):turtutr

2019-08-19 21:49:22  [ AWT-EventQueue-0:4753 ] - [ DEBUG ]  amount:turtutr
2019-08-19 21:49:33  [ AWT-EventQueue-0:16360 ] - [ DEBUG ]  444

2019-08-19 21:49:33  [ AWT-EventQueue-0:16361 ] - [ DEBUG ]  amount:444
2019-08-19 21:49:33  [ AWT-EventQueue-0:16361 ] - [ DEBUG ]   f :44400.0
2019-08-19 21:49:39  [ AWT-EventQueue-0:22288 ] - [ DEBUG ]  进入panel6MouseClicked
2019-08-19 21:49:39  [ AWT-EventQueue-0:22288 ] - [ DEBUG ]  String.valueOf(getTextPane1().getText()).substring(1):55555

2019-08-19 21:49:39  [ AWT-EventQueue-0:22289 ] - [ DEBUG ]  amount:55555
2019-08-19 21:49:39  [ AWT-EventQueue-0:22289 ] - [ DEBUG ]   f :5555500.0
2019-08-19 21:49:44  [ pool-1-thread-2:26684 ] - [ DEBUG ]  String tmps :66666666666
2019-08-19 21:49:44  [ pool-1-thread-2:26957 ] - [ DEBUG ]  String p1:<xml><TransType>2</TransType><Amount>97986896</Amount><Body>1</Body><QRCode>66666666666</QRCode></xml>
2019-08-19 21:49:45  [ pool-1-thread-2:28360 ] - [ DEBUG ]  String[] strings:["\u003cxml\u003e\u003cTransType\u003e2\u003c/TransType\u003e\u003cAmount\u003e97986896\u003c/Amount\u003e\u003cBody\u003e1\u003c/Body\u003e\u003cQRCode\u003e66666666666\u003c/QRCode\u003e\u003c/xml\u003e","\u003cxml\u003e\u003cReturnCode\u003e202\u003c/ReturnCode\u003e\u003cReturnMsg\u003etotal_fee:Must be less or equal to [30000000]\u003c/ReturnMsg\u003e\u003c/xml\u003e"]
2019-08-19 21:49:45  [ pool-1-thread-2:28360 ] - [ DEBUG ]  String[] re :["\u003cxml\u003e\u003cTransType\u003e2\u003c/TransType\u003e\u003cAmount\u003e97986896\u003c/Amount\u003e\u003cBody\u003e1\u003c/Body\u003e\u003cQRCode\u003e66666666666\u003c/QRCode\u003e\u003c/xml\u003e","\u003cxml\u003e\u003cReturnCode\u003e202\u003c/ReturnCode\u003e\u003cReturnMsg\u003etotal_fee:Must be less or equal to [30000000]\u003c/ReturnMsg\u003e\u003c/xml\u003e"]
2019-08-19 21:49:45  [ pool-1-thread-2:28361 ] - [ DEBUG ]  xml:<xml><ReturnCode>202</ReturnCode><ReturnMsg>total_fee:Must be less or equal to [30000000]</ReturnMsg></xml>
2019-08-19 21:49:45  [ pool-1-thread-2:28401 ] - [ DEBUG ]  mapOne:{ReturnCode=202, ReturnMsg=total_fee:Must be less or equal to [30000000]}
2019-08-19 21:49:45  [ pool-1-thread-2:28401 ] - [ DEBUG ]  String p1:<xml><Reference>null</Reference></xml>
2019-08-19 21:49:46  [ pool-1-thread-2:28590 ] - [ DEBUG ]  String string:<xml><ReturnCode>202</ReturnCode><ReturnMsg>单号不符合规范</ReturnMsg></xml>
2019-08-19 21:49:47  [ pool-1-thread-2:29593 ] - [ DEBUG ]  i:1///{"ReturnCode":"202","ReturnMsg":"单号不符合规范"}
2019-08-19 21:49:47  [ pool-1-thread-2:29593 ] - [ DEBUG ]  String p1:<xml><Reference>null</Reference></xml>
2019-08-19 21:49:47  [ pool-1-thread-2:29801 ] - [ DEBUG ]  String string:<xml><ReturnCode>202</ReturnCode><ReturnMsg>单号不符合规范</ReturnMsg></xml>
2019-08-19 21:49:48  [ pool-1-thread-2:30802 ] - [ DEBUG ]  i:2///{"ReturnCode":"202","ReturnMsg":"单号不符合规范"}
2019-08-19 21:49:48  [ pool-1-thread-2:30803 ] - [ DEBUG ]  String p1:<xml><Reference>null</Reference></xml>
2019-08-19 21:49:48  [ pool-1-thread-2:31007 ] - [ DEBUG ]  String string:<xml><ReturnCode>202</ReturnCode><ReturnMsg>单号不符合规范</ReturnMsg></xml>
2019-08-19 21:49:49  [ pool-1-thread-2:32008 ] - [ DEBUG ]  i:3///{"ReturnCode":"202","ReturnMsg":"单号不符合规范"}
2019-08-19 21:49:49  [ pool-1-thread-2:32009 ] - [ DEBUG ]  String p1:<xml><Reference>null</Reference></xml>
2019-08-19 21:49:49  [ pool-1-thread-2:32228 ] - [ DEBUG ]  String string:<xml><ReturnCode>202</ReturnCode><ReturnMsg>单号不符合规范</ReturnMsg></xml>
2019-08-19 21:49:50  [ pool-1-thread-2:33230 ] - [ DEBUG ]  i:4///{"ReturnCode":"202","ReturnMsg":"单号不符合规范"}
2019-08-19 21:49:50  [ pool-1-thread-2:33230 ] - [ DEBUG ]  String p1:<xml><Reference>null</Reference></xml>
2019-08-19 21:49:50  [ pool-1-thread-2:33445 ] - [ DEBUG ]  String string:<xml><ReturnCode>202</ReturnCode><ReturnMsg>单号不符合规范</ReturnMsg></xml>
2019-08-19 21:49:51  [ pool-1-thread-2:34447 ] - [ DEBUG ]  i:5///{"ReturnCode":"202","ReturnMsg":"单号不符合规范"}
2019-08-19 21:49:51  [ pool-1-thread-2:34447 ] - [ DEBUG ]  String p1:<xml><Reference>null</Reference></xml>
2019-08-19 21:49:52  [ pool-1-thread-2:34654 ] - [ DEBUG ]  String string:<xml><ReturnCode>202</ReturnCode><ReturnMsg>单号不符合规范</ReturnMsg></xml>
2019-08-19 21:49:53  [ pool-1-thread-2:35655 ] - [ DEBUG ]  i:6///{"ReturnCode":"202","ReturnMsg":"单号不符合规范"}
2019-08-19 21:49:53  [ pool-1-thread-2:35655 ] - [ DEBUG ]  String p1:<xml><Reference>null</Reference></xml>
2019-08-19 21:49:53  [ pool-1-thread-2:35875 ] - [ DEBUG ]  String string:<xml><ReturnCode>202</ReturnCode><ReturnMsg>单号不符合规范</ReturnMsg></xml>
2019-08-19 21:49:54  [ pool-1-thread-2:36876 ] - [ DEBUG ]  i:7///{"ReturnCode":"202","ReturnMsg":"单号不符合规范"}
2019-08-19 21:49:54  [ pool-1-thread-2:36877 ] - [ DEBUG ]  map:{"Amount":"97986896","Body":"1","QRCode":"66666666666","ReturnCode":"202","ReturnMsg":"单号不符合规范","TransType":"2"}
2019-08-19 21:49:54  [ pool-1-thread-2:36877 ] - [ DEBUG ]  res:["支付方式：二维码\n交易时间：\n订单号：null","支付失败"]
2019-08-19 21:49:54  [ pool-1-thread-2:36878 ] - [ DEBUG ]  String[] strings :["支付方式：二维码\n交易时间：\n订单号：null","支付失败"]
2019-08-19 21:54:59  [ AWT-EventQueue-0:0 ] - [ DEBUG ]  String.valueOf(getTextPane1().getText()).substring(1): 0.06

2019-08-19 21:54:59  [ AWT-EventQueue-0:2 ] - [ DEBUG ]  amount: 0.06
2019-08-19 21:54:59  [ AWT-EventQueue-0:2 ] - [ DEBUG ]   f :6.0
2019-08-19 21:55:06  [ AWT-EventQueue-0:6527 ] - [ DEBUG ]  进入panel6MouseClicked
2019-08-19 21:55:06  [ AWT-EventQueue-0:6528 ] - [ DEBUG ]  String.valueOf(getTextPane1().getText()).substring(1):66666

2019-08-19 21:55:06  [ AWT-EventQueue-0:6528 ] - [ DEBUG ]  amount:66666
2019-08-19 21:55:06  [ AWT-EventQueue-0:6528 ] - [ DEBUG ]   f :6666600.0
2019-08-19 21:57:22  [ AWT-EventQueue-0:1 ] - [ DEBUG ]  String.valueOf(getTextPane1().getText()).substring(1): 0.07

2019-08-19 21:57:22  [ AWT-EventQueue-0:2 ] - [ DEBUG ]  amount: 0.07
2019-08-19 21:57:22  [ AWT-EventQueue-0:2 ] - [ DEBUG ]   f :7.0
2019-08-19 21:57:26  [ AWT-EventQueue-0:3696 ] - [ DEBUG ]  进入panel6MouseClicked
2019-08-19 21:57:26  [ pool-1-thread-2:3696 ] - [ DEBUG ]  String tmps :444444
2019-08-19 21:57:26  [ pool-1-thread-2:3975 ] - [ DEBUG ]  String p1:<xml><TransType>2</TransType><Amount>7</Amount><Body>1</Body><QRCode>444444</QRCode></xml>
2019-08-19 21:57:27  [ pool-1-thread-2:5443 ] - [ DEBUG ]  String[] strings:["\u003cxml\u003e\u003cTransType\u003e2\u003c/TransType\u003e\u003cAmount\u003e7\u003c/Amount\u003e\u003cBody\u003e1\u003c/Body\u003e\u003cQRCode\u003e444444\u003c/QRCode\u003e\u003c/xml\u003e","\u003cxml\u003e\u003cReturnCode\u003e203\u003c/ReturnCode\u003e\u003cReturnMsg\u003e付款码无效:444444\u003c/ReturnMsg\u003e\u003cReference\u003e08002700E01566223046600291\u003c/Reference\u003e\u003c/xml\u003e"]
2019-08-19 21:57:27  [ pool-1-thread-2:5443 ] - [ DEBUG ]  String[] re :["\u003cxml\u003e\u003cTransType\u003e2\u003c/TransType\u003e\u003cAmount\u003e7\u003c/Amount\u003e\u003cBody\u003e1\u003c/Body\u003e\u003cQRCode\u003e444444\u003c/QRCode\u003e\u003c/xml\u003e","\u003cxml\u003e\u003cReturnCode\u003e203\u003c/ReturnCode\u003e\u003cReturnMsg\u003e付款码无效:444444\u003c/ReturnMsg\u003e\u003cReference\u003e08002700E01566223046600291\u003c/Reference\u003e\u003c/xml\u003e"]
2019-08-19 21:57:27  [ pool-1-thread-2:5443 ] - [ DEBUG ]  xml:<xml><ReturnCode>203</ReturnCode><ReturnMsg>付款码无效:444444</ReturnMsg><Reference>08002700E01566223046600291</Reference></xml>
2019-08-19 21:57:28  [ pool-1-thread-2:5480 ] - [ DEBUG ]  mapOne:{ReturnCode=203, Reference=08002700E01566223046600291, ReturnMsg=付款码无效:444444}
2019-08-19 21:57:28  [ pool-1-thread-2:5480 ] - [ DEBUG ]  String p1:<xml><Reference>08002700E01566223046600291</Reference></xml>
2019-08-19 21:57:28  [ pool-1-thread-2:5800 ] - [ DEBUG ]  String string:<xml><ReturnCode>205</ReturnCode><ReturnMsg>NOTPAY</ReturnMsg></xml>
2019-08-19 21:57:29  [ pool-1-thread-2:6802 ] - [ DEBUG ]  i:1///{"ReturnCode":"205","ReturnMsg":"NOTPAY"}
2019-08-19 21:57:29  [ pool-1-thread-2:6803 ] - [ DEBUG ]  String p1:<xml><Reference>08002700E01566223046600291</Reference></xml>
2019-08-19 21:57:29  [ pool-1-thread-2:7024 ] - [ DEBUG ]  String string:<xml><ReturnCode>205</ReturnCode><ReturnMsg>NOTPAY</ReturnMsg></xml>
2019-08-19 21:57:30  [ pool-1-thread-2:8026 ] - [ DEBUG ]  i:2///{"ReturnCode":"205","ReturnMsg":"NOTPAY"}
2019-08-19 21:57:30  [ pool-1-thread-2:8026 ] - [ DEBUG ]  String p1:<xml><Reference>08002700E01566223046600291</Reference></xml>
2019-08-19 21:57:30  [ pool-1-thread-2:8213 ] - [ DEBUG ]  String string:<xml><ReturnCode>205</ReturnCode><ReturnMsg>NOTPAY</ReturnMsg></xml>
2019-08-19 21:57:31  [ pool-1-thread-2:9214 ] - [ DEBUG ]  i:3///{"ReturnCode":"205","ReturnMsg":"NOTPAY"}
2019-08-19 21:57:31  [ pool-1-thread-2:9214 ] - [ DEBUG ]  String p1:<xml><Reference>08002700E01566223046600291</Reference></xml>
2019-08-19 21:57:31  [ pool-1-thread-2:9437 ] - [ DEBUG ]  String string:<xml><ReturnCode>205</ReturnCode><ReturnMsg>NOTPAY</ReturnMsg></xml>
2019-08-19 21:57:32  [ pool-1-thread-2:10439 ] - [ DEBUG ]  i:4///{"ReturnCode":"205","ReturnMsg":"NOTPAY"}
2019-08-19 21:57:32  [ pool-1-thread-2:10439 ] - [ DEBUG ]  String p1:<xml><Reference>08002700E01566223046600291</Reference></xml>
2019-08-19 21:57:33  [ pool-1-thread-2:10701 ] - [ DEBUG ]  String string:<xml><ReturnCode>205</ReturnCode><ReturnMsg>NOTPAY</ReturnMsg></xml>
2019-08-19 21:57:34  [ pool-1-thread-2:11705 ] - [ DEBUG ]  i:5///{"ReturnCode":"205","ReturnMsg":"NOTPAY"}
2019-08-19 21:57:34  [ pool-1-thread-2:11705 ] - [ DEBUG ]  String p1:<xml><Reference>08002700E01566223046600291</Reference></xml>
2019-08-19 21:57:34  [ pool-1-thread-2:11924 ] - [ DEBUG ]  String string:<xml><ReturnCode>205</ReturnCode><ReturnMsg>NOTPAY</ReturnMsg></xml>
2019-08-19 21:57:35  [ pool-1-thread-2:12926 ] - [ DEBUG ]  i:6///{"ReturnCode":"205","ReturnMsg":"NOTPAY"}
2019-08-19 21:57:35  [ pool-1-thread-2:12926 ] - [ DEBUG ]  String p1:<xml><Reference>08002700E01566223046600291</Reference></xml>
2019-08-19 21:57:35  [ pool-1-thread-2:13151 ] - [ DEBUG ]  String string:<xml><ReturnCode>205</ReturnCode><ReturnMsg>NOTPAY</ReturnMsg></xml>
2019-08-19 21:57:36  [ pool-1-thread-2:14152 ] - [ DEBUG ]  i:7///{"ReturnCode":"205","ReturnMsg":"NOTPAY"}
2019-08-19 21:57:36  [ pool-1-thread-2:14153 ] - [ DEBUG ]  map:{"Amount":"7","Body":"1","QRCode":"444444","Reference":"08002700E01566223046600291","ReturnCode":"205","ReturnMsg":"NOTPAY","TransType":"2"}
2019-08-19 21:57:36  [ pool-1-thread-2:14153 ] - [ DEBUG ]  res:["支付方式：二维码\n交易时间：\n订单号：08002700E01566223046600291","客户未支付（未输入密码等）"]
2019-08-19 21:57:36  [ pool-1-thread-2:14154 ] - [ DEBUG ]  String[] strings :["支付方式：二维码\n交易时间：\n订单号：08002700E01566223046600291","客户未支付（未输入密码等）"]
2019-08-19 21:59:55  [ AWT-EventQueue-0:0 ] - [ DEBUG ]  String.valueOf(getTextPane1().getText()).substring(1): 0.06

2019-08-19 21:59:55  [ AWT-EventQueue-0:1 ] - [ DEBUG ]  amount: 0.06
2019-08-19 21:59:55  [ AWT-EventQueue-0:2 ] - [ DEBUG ]   f :6.0
2019-08-19 21:59:57  [ AWT-EventQueue-0:2245 ] - [ DEBUG ]  进入panel6MouseClicked
2019-08-19 21:59:57  [ pool-1-thread-2:2246 ] - [ DEBUG ]  String tmps :444
2019-08-19 21:59:57  [ pool-1-thread-2:2529 ] - [ DEBUG ]  String p1:<xml><TransType>2</TransType><Amount>6</Amount><Body>1</Body><QRCode>444</QRCode></xml>
2019-08-19 21:59:59  [ pool-1-thread-2:4340 ] - [ DEBUG ]  String[] strings:["\u003cxml\u003e\u003cTransType\u003e2\u003c/TransType\u003e\u003cAmount\u003e6\u003c/Amount\u003e\u003cBody\u003e1\u003c/Body\u003e\u003cQRCode\u003e444\u003c/QRCode\u003e\u003c/xml\u003e","\u003cxml\u003e\u003cReturnCode\u003e203\u003c/ReturnCode\u003e\u003cReturnMsg\u003e付款码无效:444\u003c/ReturnMsg\u003e\u003cReference\u003e08002700E01566223197750084\u003c/Reference\u003e\u003c/xml\u003e"]
2019-08-19 21:59:59  [ pool-1-thread-2:4341 ] - [ DEBUG ]  String[] re :["\u003cxml\u003e\u003cTransType\u003e2\u003c/TransType\u003e\u003cAmount\u003e6\u003c/Amount\u003e\u003cBody\u003e1\u003c/Body\u003e\u003cQRCode\u003e444\u003c/QRCode\u003e\u003c/xml\u003e","\u003cxml\u003e\u003cReturnCode\u003e203\u003c/ReturnCode\u003e\u003cReturnMsg\u003e付款码无效:444\u003c/ReturnMsg\u003e\u003cReference\u003e08002700E01566223197750084\u003c/Reference\u003e\u003c/xml\u003e"]
2019-08-19 21:59:59  [ pool-1-thread-2:4341 ] - [ DEBUG ]  xml:<xml><ReturnCode>203</ReturnCode><ReturnMsg>付款码无效:444</ReturnMsg><Reference>08002700E01566223197750084</Reference></xml>
2019-08-19 21:59:59  [ pool-1-thread-2:4379 ] - [ DEBUG ]  mapOne:{ReturnCode=203, Reference=08002700E01566223197750084, ReturnMsg=付款码无效:444}
2019-08-19 21:59:59  [ pool-1-thread-2:4379 ] - [ DEBUG ]  String p1:<xml><Reference>08002700E01566223197750084</Reference></xml>
2019-08-19 21:59:59  [ pool-1-thread-2:4596 ] - [ DEBUG ]  String string:<xml><ReturnCode>205</ReturnCode><ReturnMsg>NOTPAY</ReturnMsg></xml>
2019-08-19 22:00:00  [ pool-1-thread-2:5598 ] - [ DEBUG ]  i:1///{"ReturnCode":"205","ReturnMsg":"NOTPAY"}
2019-08-19 22:00:00  [ pool-1-thread-2:5599 ] - [ DEBUG ]  String p1:<xml><Reference>08002700E01566223197750084</Reference></xml>
2019-08-19 22:00:00  [ pool-1-thread-2:5856 ] - [ DEBUG ]  String string:<xml><ReturnCode>205</ReturnCode><ReturnMsg>NOTPAY</ReturnMsg></xml>
2019-08-19 22:00:01  [ pool-1-thread-2:6857 ] - [ DEBUG ]  i:2///{"ReturnCode":"205","ReturnMsg":"NOTPAY"}
2019-08-19 22:00:01  [ pool-1-thread-2:6857 ] - [ DEBUG ]  String p1:<xml><Reference>08002700E01566223197750084</Reference></xml>
2019-08-19 22:00:02  [ pool-1-thread-2:7086 ] - [ DEBUG ]  String string:<xml><ReturnCode>205</ReturnCode><ReturnMsg>NOTPAY</ReturnMsg></xml>
2019-08-19 22:00:03  [ pool-1-thread-2:8087 ] - [ DEBUG ]  i:3///{"ReturnCode":"205","ReturnMsg":"NOTPAY"}
2019-08-19 22:00:03  [ pool-1-thread-2:8088 ] - [ DEBUG ]  String p1:<xml><Reference>08002700E01566223197750084</Reference></xml>
2019-08-19 22:00:03  [ pool-1-thread-2:8312 ] - [ DEBUG ]  String string:<xml><ReturnCode>205</ReturnCode><ReturnMsg>NOTPAY</ReturnMsg></xml>
2019-08-19 22:00:04  [ pool-1-thread-2:9314 ] - [ DEBUG ]  i:4///{"ReturnCode":"205","ReturnMsg":"NOTPAY"}
2019-08-19 22:00:04  [ pool-1-thread-2:9314 ] - [ DEBUG ]  String p1:<xml><Reference>08002700E01566223197750084</Reference></xml>
2019-08-19 22:00:04  [ pool-1-thread-2:9498 ] - [ DEBUG ]  String string:<xml><ReturnCode>205</ReturnCode><ReturnMsg>NOTPAY</ReturnMsg></xml>
2019-08-19 22:00:05  [ pool-1-thread-2:10499 ] - [ DEBUG ]  i:5///{"ReturnCode":"205","ReturnMsg":"NOTPAY"}
2019-08-19 22:00:05  [ pool-1-thread-2:10499 ] - [ DEBUG ]  String p1:<xml><Reference>08002700E01566223197750084</Reference></xml>
2019-08-19 22:00:05  [ pool-1-thread-2:10755 ] - [ DEBUG ]  String string:<xml><ReturnCode>205</ReturnCode><ReturnMsg>NOTPAY</ReturnMsg></xml>
2019-08-19 22:00:06  [ pool-1-thread-2:11757 ] - [ DEBUG ]  i:6///{"ReturnCode":"205","ReturnMsg":"NOTPAY"}
2019-08-19 22:00:06  [ pool-1-thread-2:11757 ] - [ DEBUG ]  String p1:<xml><Reference>08002700E01566223197750084</Reference></xml>
2019-08-19 22:00:07  [ pool-1-thread-2:11982 ] - [ DEBUG ]  String string:<xml><ReturnCode>205</ReturnCode><ReturnMsg>NOTPAY</ReturnMsg></xml>
2019-08-19 22:00:08  [ pool-1-thread-2:12984 ] - [ DEBUG ]  i:7///{"ReturnCode":"205","ReturnMsg":"NOTPAY"}
2019-08-19 22:00:08  [ pool-1-thread-2:12985 ] - [ DEBUG ]  map:{"Amount":"6","Body":"1","QRCode":"444","Reference":"08002700E01566223197750084","ReturnCode":"205","ReturnMsg":"NOTPAY","TransType":"2"}
2019-08-19 22:00:08  [ pool-1-thread-2:12985 ] - [ DEBUG ]  res:["支付方式：二维码\n交易时间：\n订单号：08002700E01566223197750084","客户未支付（未输入密码等）"]
2019-08-19 22:00:08  [ pool-1-thread-2:12985 ] - [ DEBUG ]  String[] strings :["支付方式：二维码\n交易时间：\n订单号：08002700E01566223197750084","客户未支付（未输入密码等）"]
2019-08-19 22:05:53  [ AWT-EventQueue-0:0 ] - [ DEBUG ]  String.valueOf(getTextPane1().getText()).substring(1): 0.07

2019-08-19 22:05:53  [ AWT-EventQueue-0:1 ] - [ DEBUG ]  amount: 0.07
2019-08-19 22:05:53  [ AWT-EventQueue-0:2 ] - [ DEBUG ]   f :7.0
2019-08-19 22:05:55  [ pool-1-thread-2:2008 ] - [ DEBUG ]  String tmps :
6666
2019-08-19 22:05:55  [ pool-1-thread-2:2294 ] - [ DEBUG ]  String p1:<xml><TransType>2</TransType><Amount>7</Amount><Body>1</Body><QRCode>
6666</QRCode></xml>
2019-08-19 22:05:56  [ pool-1-thread-2:3795 ] - [ DEBUG ]  String[] strings:["\u003cxml\u003e\u003cTransType\u003e2\u003c/TransType\u003e\u003cAmount\u003e7\u003c/Amount\u003e\u003cBody\u003e1\u003c/Body\u003e\u003cQRCode\u003e\n6666\u003c/QRCode\u003e\u003c/xml\u003e","\u003cxml\u003e\u003cReturnCode\u003e203\u003c/ReturnCode\u003e\u003cReturnMsg\u003e付款码无效:6666\u003c/ReturnMsg\u003e\u003cReference\u003e08002700E01566223555509996\u003c/Reference\u003e\u003c/xml\u003e"]
2019-08-19 22:05:56  [ pool-1-thread-2:3796 ] - [ DEBUG ]  String[] re :["\u003cxml\u003e\u003cTransType\u003e2\u003c/TransType\u003e\u003cAmount\u003e7\u003c/Amount\u003e\u003cBody\u003e1\u003c/Body\u003e\u003cQRCode\u003e\n6666\u003c/QRCode\u003e\u003c/xml\u003e","\u003cxml\u003e\u003cReturnCode\u003e203\u003c/ReturnCode\u003e\u003cReturnMsg\u003e付款码无效:6666\u003c/ReturnMsg\u003e\u003cReference\u003e08002700E01566223555509996\u003c/Reference\u003e\u003c/xml\u003e"]
2019-08-19 22:05:56  [ pool-1-thread-2:3796 ] - [ DEBUG ]  xml:<xml><ReturnCode>203</ReturnCode><ReturnMsg>付款码无效:6666</ReturnMsg><Reference>08002700E01566223555509996</Reference></xml>
2019-08-19 22:05:56  [ pool-1-thread-2:3833 ] - [ DEBUG ]  mapOne:{ReturnCode=203, Reference=08002700E01566223555509996, ReturnMsg=付款码无效:6666}
2019-08-19 22:05:56  [ pool-1-thread-2:3833 ] - [ DEBUG ]  String p1:<xml><Reference>08002700E01566223555509996</Reference></xml>
2019-08-19 22:05:57  [ pool-1-thread-2:4074 ] - [ DEBUG ]  String string:<xml><ReturnCode>205</ReturnCode><ReturnMsg>NOTPAY</ReturnMsg></xml>
2019-08-19 22:05:58  [ pool-1-thread-2:5077 ] - [ DEBUG ]  i:1///{"ReturnCode":"205","ReturnMsg":"NOTPAY"}
2019-08-19 22:05:58  [ pool-1-thread-2:5077 ] - [ DEBUG ]  String p1:<xml><Reference>08002700E01566223555509996</Reference></xml>
2019-08-19 22:05:58  [ pool-1-thread-2:5263 ] - [ DEBUG ]  String string:<xml><ReturnCode>205</ReturnCode><ReturnMsg>NOTPAY</ReturnMsg></xml>
2019-08-19 22:05:59  [ pool-1-thread-2:6264 ] - [ DEBUG ]  i:2///{"ReturnCode":"205","ReturnMsg":"NOTPAY"}
2019-08-19 22:05:59  [ pool-1-thread-2:6265 ] - [ DEBUG ]  String p1:<xml><Reference>08002700E01566223555509996</Reference></xml>
2019-08-19 22:05:59  [ pool-1-thread-2:6450 ] - [ DEBUG ]  String string:<xml><ReturnCode>205</ReturnCode><ReturnMsg>NOTPAY</ReturnMsg></xml>
2019-08-19 22:06:00  [ pool-1-thread-2:7452 ] - [ DEBUG ]  i:3///{"ReturnCode":"205","ReturnMsg":"NOTPAY"}
2019-08-19 22:06:00  [ pool-1-thread-2:7452 ] - [ DEBUG ]  String p1:<xml><Reference>08002700E01566223555509996</Reference></xml>
2019-08-19 22:06:00  [ pool-1-thread-2:7685 ] - [ DEBUG ]  String string:<xml><ReturnCode>205</ReturnCode><ReturnMsg>NOTPAY</ReturnMsg></xml>
2019-08-19 22:06:01  [ pool-1-thread-2:8686 ] - [ DEBUG ]  i:4///{"ReturnCode":"205","ReturnMsg":"NOTPAY"}
2019-08-19 22:06:01  [ pool-1-thread-2:8687 ] - [ DEBUG ]  String p1:<xml><Reference>08002700E01566223555509996</Reference></xml>
2019-08-19 22:06:02  [ pool-1-thread-2:8927 ] - [ DEBUG ]  String string:<xml><ReturnCode>205</ReturnCode><ReturnMsg>NOTPAY</ReturnMsg></xml>
2019-08-19 22:06:03  [ pool-1-thread-2:9929 ] - [ DEBUG ]  i:5///{"ReturnCode":"205","ReturnMsg":"NOTPAY"}
2019-08-19 22:06:03  [ pool-1-thread-2:9929 ] - [ DEBUG ]  String p1:<xml><Reference>08002700E01566223555509996</Reference></xml>
2019-08-19 22:06:03  [ pool-1-thread-2:10154 ] - [ DEBUG ]  String string:<xml><ReturnCode>205</ReturnCode><ReturnMsg>NOTPAY</ReturnMsg></xml>
2019-08-19 22:06:04  [ pool-1-thread-2:11160 ] - [ DEBUG ]  i:6///{"ReturnCode":"205","ReturnMsg":"NOTPAY"}
2019-08-19 22:06:04  [ pool-1-thread-2:11160 ] - [ DEBUG ]  String p1:<xml><Reference>08002700E01566223555509996</Reference></xml>
2019-08-19 22:06:04  [ pool-1-thread-2:11423 ] - [ DEBUG ]  String string:<xml><ReturnCode>205</ReturnCode><ReturnMsg>NOTPAY</ReturnMsg></xml>
2019-08-19 22:06:05  [ pool-1-thread-2:12425 ] - [ DEBUG ]  i:7///{"ReturnCode":"205","ReturnMsg":"NOTPAY"}
2019-08-19 22:06:05  [ pool-1-thread-2:12426 ] - [ DEBUG ]  map:{"Amount":"7","Body":"1","QRCode":"\n6666","Reference":"08002700E01566223555509996","ReturnCode":"205","ReturnMsg":"NOTPAY","TransType":"2"}
2019-08-19 22:06:05  [ pool-1-thread-2:12426 ] - [ DEBUG ]  res:["支付方式：二维码\n交易时间：\n订单号：08002700E01566223555509996","客户未支付（未输入密码等）"]
2019-08-19 22:06:05  [ pool-1-thread-2:12426 ] - [ DEBUG ]  String[] strings :["支付方式：二维码\n交易时间：\n订单号：08002700E01566223555509996","客户未支付（未输入密码等）"]
2019-08-19 22:07:11  [ AWT-EventQueue-0:0 ] - [ DEBUG ]  String.valueOf(getTextPane1().getText()).substring(1): 0.06

2019-08-19 22:07:11  [ AWT-EventQueue-0:1 ] - [ DEBUG ]  amount: 0.06
2019-08-19 22:07:11  [ AWT-EventQueue-0:2 ] - [ DEBUG ]   f :6.0
2019-08-19 22:07:13  [ pool-1-thread-2:2398 ] - [ DEBUG ]  String tmps :
4444
2019-08-19 22:07:13  [ pool-1-thread-2:2744 ] - [ DEBUG ]  String p1:<xml><TransType>2</TransType><Amount>6</Amount><Body>1</Body><QRCode>
4444</QRCode></xml>
2019-08-19 22:07:15  [ pool-1-thread-2:4403 ] - [ DEBUG ]  String[] strings:["\u003cxml\u003e\u003cTransType\u003e2\u003c/TransType\u003e\u003cAmount\u003e6\u003c/Amount\u003e\u003cBody\u003e1\u003c/Body\u003e\u003cQRCode\u003e\n4444\u003c/QRCode\u003e\u003c/xml\u003e","\u003cxml\u003e\u003cReturnCode\u003e203\u003c/ReturnCode\u003e\u003cReturnMsg\u003e付款码无效:4444\u003c/ReturnMsg\u003e\u003cReference\u003e08002700E01566223633829513\u003c/Reference\u003e\u003c/xml\u003e"]
2019-08-19 22:07:15  [ pool-1-thread-2:4403 ] - [ DEBUG ]  String[] re :["\u003cxml\u003e\u003cTransType\u003e2\u003c/TransType\u003e\u003cAmount\u003e6\u003c/Amount\u003e\u003cBody\u003e1\u003c/Body\u003e\u003cQRCode\u003e\n4444\u003c/QRCode\u003e\u003c/xml\u003e","\u003cxml\u003e\u003cReturnCode\u003e203\u003c/ReturnCode\u003e\u003cReturnMsg\u003e付款码无效:4444\u003c/ReturnMsg\u003e\u003cReference\u003e08002700E01566223633829513\u003c/Reference\u003e\u003c/xml\u003e"]
2019-08-19 22:07:15  [ pool-1-thread-2:4404 ] - [ DEBUG ]  xml:<xml><ReturnCode>203</ReturnCode><ReturnMsg>付款码无效:4444</ReturnMsg><Reference>08002700E01566223633829513</Reference></xml>
2019-08-19 22:07:15  [ pool-1-thread-2:4441 ] - [ DEBUG ]  mapOne:{ReturnCode=203, Reference=08002700E01566223633829513, ReturnMsg=付款码无效:4444}
2019-08-19 22:07:15  [ pool-1-thread-2:4441 ] - [ DEBUG ]  String p1:<xml><Reference>08002700E01566223633829513</Reference></xml>
2019-08-19 22:07:15  [ pool-1-thread-2:4769 ] - [ DEBUG ]  String string:<xml><ReturnCode>205</ReturnCode><ReturnMsg>NOTPAY</ReturnMsg></xml>
2019-08-19 22:07:16  [ pool-1-thread-2:5771 ] - [ DEBUG ]  i:1///{"ReturnCode":"205","ReturnMsg":"NOTPAY"}
2019-08-19 22:07:16  [ pool-1-thread-2:5771 ] - [ DEBUG ]  String p1:<xml><Reference>08002700E01566223633829513</Reference></xml>
2019-08-19 22:07:17  [ pool-1-thread-2:6079 ] - [ DEBUG ]  String string:<xml><ReturnCode>205</ReturnCode><ReturnMsg>NOTPAY</ReturnMsg></xml>
2019-08-19 22:07:18  [ pool-1-thread-2:7080 ] - [ DEBUG ]  i:2///{"ReturnCode":"205","ReturnMsg":"NOTPAY"}
2019-08-19 22:07:18  [ pool-1-thread-2:7081 ] - [ DEBUG ]  String p1:<xml><Reference>08002700E01566223633829513</Reference></xml>
2019-08-19 22:07:18  [ pool-1-thread-2:7444 ] - [ DEBUG ]  String string:<xml><ReturnCode>205</ReturnCode><ReturnMsg>NOTPAY</ReturnMsg></xml>
2019-08-19 22:07:19  [ pool-1-thread-2:8445 ] - [ DEBUG ]  i:3///{"ReturnCode":"205","ReturnMsg":"NOTPAY"}
2019-08-19 22:07:19  [ pool-1-thread-2:8446 ] - [ DEBUG ]  String p1:<xml><Reference>08002700E01566223633829513</Reference></xml>
2019-08-19 22:07:19  [ pool-1-thread-2:8733 ] - [ DEBUG ]  String string:<xml><ReturnCode>205</ReturnCode><ReturnMsg>NOTPAY</ReturnMsg></xml>
2019-08-19 22:07:20  [ pool-1-thread-2:9735 ] - [ DEBUG ]  i:4///{"ReturnCode":"205","ReturnMsg":"NOTPAY"}
2019-08-19 22:07:20  [ pool-1-thread-2:9735 ] - [ DEBUG ]  String p1:<xml><Reference>08002700E01566223633829513</Reference></xml>
2019-08-19 22:07:21  [ pool-1-thread-2:10027 ] - [ DEBUG ]  String string:<xml><ReturnCode>205</ReturnCode><ReturnMsg>NOTPAY</ReturnMsg></xml>
2019-08-19 22:07:22  [ pool-1-thread-2:11028 ] - [ DEBUG ]  i:5///{"ReturnCode":"205","ReturnMsg":"NOTPAY"}
2019-08-19 22:07:22  [ pool-1-thread-2:11029 ] - [ DEBUG ]  String p1:<xml><Reference>08002700E01566223633829513</Reference></xml>
2019-08-19 22:07:22  [ pool-1-thread-2:11301 ] - [ DEBUG ]  String string:<xml><ReturnCode>205</ReturnCode><ReturnMsg>NOTPAY</ReturnMsg></xml>
2019-08-19 22:07:23  [ pool-1-thread-2:12303 ] - [ DEBUG ]  i:6///{"ReturnCode":"205","ReturnMsg":"NOTPAY"}
2019-08-19 22:07:23  [ pool-1-thread-2:12303 ] - [ DEBUG ]  String p1:<xml><Reference>08002700E01566223633829513</Reference></xml>
2019-08-19 22:07:23  [ pool-1-thread-2:12581 ] - [ DEBUG ]  String string:<xml><ReturnCode>205</ReturnCode><ReturnMsg>NOTPAY</ReturnMsg></xml>
2019-08-19 22:07:24  [ pool-1-thread-2:13582 ] - [ DEBUG ]  i:7///{"ReturnCode":"205","ReturnMsg":"NOTPAY"}
2019-08-19 22:07:24  [ pool-1-thread-2:13583 ] - [ DEBUG ]  map:{"Amount":"6","Body":"1","QRCode":"\n4444","Reference":"08002700E01566223633829513","ReturnCode":"205","ReturnMsg":"NOTPAY","TransType":"2"}
2019-08-19 22:07:24  [ pool-1-thread-2:13583 ] - [ DEBUG ]  res:["支付方式：二维码\n交易时间：\n订单号：08002700E01566223633829513","客户未支付（未输入密码等）"]
2019-08-19 22:07:24  [ pool-1-thread-2:13583 ] - [ DEBUG ]  String[] strings :["支付方式：二维码\n交易时间：\n订单号：08002700E01566223633829513","客户未支付（未输入密码等）"]
2019-08-19 22:12:15  [ AWT-EventQueue-0:0 ] - [ DEBUG ]  String.valueOf(getTextPane1().getText()).substring(1): 7

2019-08-19 22:12:15  [ AWT-EventQueue-0:1 ] - [ DEBUG ]  amount: 7
2019-08-19 22:12:15  [ AWT-EventQueue-0:2 ] - [ DEBUG ]   f :700.0
2019-08-19 22:12:28  [ AWT-EventQueue-0:12839 ] - [ DEBUG ]  进入panel6MouseClicked
2019-08-19 22:12:28  [ pool-1-thread-2:12840 ] - [ DEBUG ]  String tmps :44444
2019-08-19 22:12:28  [ pool-1-thread-2:13134 ] - [ DEBUG ]  String p1:<xml><TransType>2</TransType><Amount>700</Amount><Body>1</Body><QRCode>44444</QRCode></xml>
2019-08-19 22:12:29  [ pool-1-thread-2:14548 ] - [ DEBUG ]  String[] strings:["\u003cxml\u003e\u003cTransType\u003e2\u003c/TransType\u003e\u003cAmount\u003e700\u003c/Amount\u003e\u003cBody\u003e1\u003c/Body\u003e\u003cQRCode\u003e44444\u003c/QRCode\u003e\u003c/xml\u003e","\u003cxml\u003e\u003cReturnCode\u003e203\u003c/ReturnCode\u003e\u003cReturnMsg\u003e付款码无效:44444\u003c/ReturnMsg\u003e\u003cReference\u003e08002700E01566223948669484\u003c/Reference\u003e\u003c/xml\u003e"]
2019-08-19 22:12:29  [ pool-1-thread-2:14548 ] - [ DEBUG ]  String[] re :["\u003cxml\u003e\u003cTransType\u003e2\u003c/TransType\u003e\u003cAmount\u003e700\u003c/Amount\u003e\u003cBody\u003e1\u003c/Body\u003e\u003cQRCode\u003e44444\u003c/QRCode\u003e\u003c/xml\u003e","\u003cxml\u003e\u003cReturnCode\u003e203\u003c/ReturnCode\u003e\u003cReturnMsg\u003e付款码无效:44444\u003c/ReturnMsg\u003e\u003cReference\u003e08002700E01566223948669484\u003c/Reference\u003e\u003c/xml\u003e"]
2019-08-19 22:12:29  [ pool-1-thread-2:14548 ] - [ DEBUG ]  xml:<xml><ReturnCode>203</ReturnCode><ReturnMsg>付款码无效:44444</ReturnMsg><Reference>08002700E01566223948669484</Reference></xml>
2019-08-19 22:12:30  [ pool-1-thread-2:14588 ] - [ DEBUG ]  mapOne:{ReturnCode=203, Reference=08002700E01566223948669484, ReturnMsg=付款码无效:44444}
2019-08-19 22:12:30  [ pool-1-thread-2:14588 ] - [ DEBUG ]  String p1:<xml><Reference>08002700E01566223948669484</Reference></xml>
2019-08-19 22:12:30  [ pool-1-thread-2:14835 ] - [ DEBUG ]  String string:<xml><ReturnCode>205</ReturnCode><ReturnMsg>NOTPAY</ReturnMsg></xml>
2019-08-19 22:12:31  [ pool-1-thread-2:15837 ] - [ DEBUG ]  i:1///{"ReturnCode":"205","ReturnMsg":"NOTPAY"}
2019-08-19 22:12:31  [ pool-1-thread-2:15837 ] - [ DEBUG ]  String p1:<xml><Reference>08002700E01566223948669484</Reference></xml>
2019-08-19 22:12:31  [ pool-1-thread-2:16008 ] - [ DEBUG ]  String string:<xml><ReturnCode>205</ReturnCode><ReturnMsg>NOTPAY</ReturnMsg></xml>
2019-08-19 22:12:32  [ pool-1-thread-2:17009 ] - [ DEBUG ]  i:2///{"ReturnCode":"205","ReturnMsg":"NOTPAY"}
2019-08-19 22:12:32  [ pool-1-thread-2:17010 ] - [ DEBUG ]  String p1:<xml><Reference>08002700E01566223948669484</Reference></xml>
2019-08-19 22:12:32  [ pool-1-thread-2:17277 ] - [ DEBUG ]  String string:<xml><ReturnCode>205</ReturnCode><ReturnMsg>NOTPAY</ReturnMsg></xml>
2019-08-19 22:12:33  [ pool-1-thread-2:18279 ] - [ DEBUG ]  i:3///{"ReturnCode":"205","ReturnMsg":"NOTPAY"}
2019-08-19 22:12:33  [ pool-1-thread-2:18279 ] - [ DEBUG ]  String p1:<xml><Reference>08002700E01566223948669484</Reference></xml>
2019-08-19 22:12:33  [ pool-1-thread-2:18524 ] - [ DEBUG ]  String string:<xml><ReturnCode>205</ReturnCode><ReturnMsg>NOTPAY</ReturnMsg></xml>
2019-08-19 22:12:34  [ pool-1-thread-2:19525 ] - [ DEBUG ]  i:4///{"ReturnCode":"205","ReturnMsg":"NOTPAY"}
2019-08-19 22:12:34  [ pool-1-thread-2:19526 ] - [ DEBUG ]  String p1:<xml><Reference>08002700E01566223948669484</Reference></xml>
2019-08-19 22:12:35  [ pool-1-thread-2:19713 ] - [ DEBUG ]  String string:<xml><ReturnCode>205</ReturnCode><ReturnMsg>NOTPAY</ReturnMsg></xml>
2019-08-19 22:12:36  [ pool-1-thread-2:20714 ] - [ DEBUG ]  i:5///{"ReturnCode":"205","ReturnMsg":"NOTPAY"}
2019-08-19 22:12:36  [ pool-1-thread-2:20715 ] - [ DEBUG ]  String p1:<xml><Reference>08002700E01566223948669484</Reference></xml>
2019-08-19 22:12:36  [ pool-1-thread-2:20919 ] - [ DEBUG ]  String string:<xml><ReturnCode>205</ReturnCode><ReturnMsg>NOTPAY</ReturnMsg></xml>
2019-08-19 22:12:37  [ pool-1-thread-2:21920 ] - [ DEBUG ]  i:6///{"ReturnCode":"205","ReturnMsg":"NOTPAY"}
2019-08-19 22:12:37  [ pool-1-thread-2:21920 ] - [ DEBUG ]  String p1:<xml><Reference>08002700E01566223948669484</Reference></xml>
2019-08-19 22:12:37  [ pool-1-thread-2:22150 ] - [ DEBUG ]  String string:<xml><ReturnCode>205</ReturnCode><ReturnMsg>NOTPAY</ReturnMsg></xml>
2019-08-19 22:12:38  [ pool-1-thread-2:23152 ] - [ DEBUG ]  i:7///{"ReturnCode":"205","ReturnMsg":"NOTPAY"}
2019-08-19 22:12:38  [ pool-1-thread-2:23154 ] - [ DEBUG ]  map:{"Amount":"700","Body":"1","QRCode":"44444","Reference":"08002700E01566223948669484","ReturnCode":"205","ReturnMsg":"NOTPAY","TransType":"2"}
2019-08-19 22:12:38  [ pool-1-thread-2:23154 ] - [ DEBUG ]  res:["支付方式：二维码\n交易时间：\n订单号：08002700E01566223948669484","客户未支付（未输入密码等）"]
2019-08-19 22:12:38  [ pool-1-thread-2:23154 ] - [ DEBUG ]  String[] strings :["支付方式：二维码\n交易时间：\n订单号：08002700E01566223948669484","客户未支付（未输入密码等）"]
2019-08-19 22:12:56  [ AWT-EventQueue-0:0 ] - [ DEBUG ]  String.valueOf(getTextPane1().getText()).substring(1): 0.06

2019-08-19 22:12:56  [ AWT-EventQueue-0:1 ] - [ DEBUG ]  amount: 0.06
2019-08-19 22:12:56  [ AWT-EventQueue-0:2 ] - [ DEBUG ]   f :6.0
2019-08-19 22:13:00  [ AWT-EventQueue-0:3760 ] - [ DEBUG ]  进入panel6MouseClicked
2019-08-19 22:13:00  [ pool-1-thread-2:3761 ] - [ DEBUG ]  String tmps :6666
2019-08-19 22:13:00  [ pool-1-thread-2:4025 ] - [ DEBUG ]  String p1:<xml><TransType>2</TransType><Amount>6</Amount><Body>1</Body><QRCode>6666</QRCode></xml>
2019-08-19 22:13:02  [ pool-1-thread-2:5369 ] - [ DEBUG ]  String[] strings:["\u003cxml\u003e\u003cTransType\u003e2\u003c/TransType\u003e\u003cAmount\u003e6\u003c/Amount\u003e\u003cBody\u003e1\u003c/Body\u003e\u003cQRCode\u003e6666\u003c/QRCode\u003e\u003c/xml\u003e","\u003cxml\u003e\u003cReturnCode\u003e203\u003c/ReturnCode\u003e\u003cReturnMsg\u003e付款码无效:6666\u003c/ReturnMsg\u003e\u003cReference\u003e08002700E01566223980761231\u003c/Reference\u003e\u003c/xml\u003e"]
2019-08-19 22:13:02  [ pool-1-thread-2:5369 ] - [ DEBUG ]  String[] re :["\u003cxml\u003e\u003cTransType\u003e2\u003c/TransType\u003e\u003cAmount\u003e6\u003c/Amount\u003e\u003cBody\u003e1\u003c/Body\u003e\u003cQRCode\u003e6666\u003c/QRCode\u003e\u003c/xml\u003e","\u003cxml\u003e\u003cReturnCode\u003e203\u003c/ReturnCode\u003e\u003cReturnMsg\u003e付款码无效:6666\u003c/ReturnMsg\u003e\u003cReference\u003e08002700E01566223980761231\u003c/Reference\u003e\u003c/xml\u003e"]
2019-08-19 22:13:02  [ pool-1-thread-2:5370 ] - [ DEBUG ]  xml:<xml><ReturnCode>203</ReturnCode><ReturnMsg>付款码无效:6666</ReturnMsg><Reference>08002700E01566223980761231</Reference></xml>
2019-08-19 22:13:02  [ pool-1-thread-2:5405 ] - [ DEBUG ]  mapOne:{ReturnCode=203, Reference=08002700E01566223980761231, ReturnMsg=付款码无效:6666}
2019-08-19 22:13:02  [ pool-1-thread-2:5405 ] - [ DEBUG ]  String p1:<xml><Reference>08002700E01566223980761231</Reference></xml>
2019-08-19 22:13:02  [ pool-1-thread-2:5624 ] - [ DEBUG ]  String string:<xml><ReturnCode>205</ReturnCode><ReturnMsg>NOTPAY</ReturnMsg></xml>
2019-08-19 22:13:03  [ pool-1-thread-2:6626 ] - [ DEBUG ]  i:1///{"ReturnCode":"205","ReturnMsg":"NOTPAY"}
2019-08-19 22:13:03  [ pool-1-thread-2:6627 ] - [ DEBUG ]  String p1:<xml><Reference>08002700E01566223980761231</Reference></xml>
2019-08-19 22:13:03  [ pool-1-thread-2:6866 ] - [ DEBUG ]  String string:<xml><ReturnCode>205</ReturnCode><ReturnMsg>NOTPAY</ReturnMsg></xml>
2019-08-19 22:13:04  [ pool-1-thread-2:7867 ] - [ DEBUG ]  i:2///{"ReturnCode":"205","ReturnMsg":"NOTPAY"}
2019-08-19 22:13:04  [ pool-1-thread-2:7867 ] - [ DEBUG ]  String p1:<xml><Reference>08002700E01566223980761231</Reference></xml>
2019-08-19 22:13:04  [ pool-1-thread-2:8158 ] - [ DEBUG ]  String string:<xml><ReturnCode>205</ReturnCode><ReturnMsg>NOTPAY</ReturnMsg></xml>
2019-08-19 22:13:05  [ pool-1-thread-2:9160 ] - [ DEBUG ]  i:3///{"ReturnCode":"205","ReturnMsg":"NOTPAY"}
2019-08-19 22:13:05  [ pool-1-thread-2:9160 ] - [ DEBUG ]  String p1:<xml><Reference>08002700E01566223980761231</Reference></xml>
2019-08-19 22:13:05  [ pool-1-thread-2:9309 ] - [ DEBUG ]  String string:<xml><ReturnCode>205</ReturnCode><ReturnMsg>NOTPAY</ReturnMsg></xml>
2019-08-19 22:13:06  [ pool-1-thread-2:10311 ] - [ DEBUG ]  i:4///{"ReturnCode":"205","ReturnMsg":"NOTPAY"}
2019-08-19 22:13:06  [ pool-1-thread-2:10311 ] - [ DEBUG ]  String p1:<xml><Reference>08002700E01566223980761231</Reference></xml>
2019-08-19 22:13:07  [ pool-1-thread-2:10513 ] - [ DEBUG ]  String string:<xml><ReturnCode>205</ReturnCode><ReturnMsg>NOTPAY</ReturnMsg></xml>
2019-08-19 22:13:08  [ pool-1-thread-2:11514 ] - [ DEBUG ]  i:5///{"ReturnCode":"205","ReturnMsg":"NOTPAY"}
2019-08-19 22:13:08  [ pool-1-thread-2:11515 ] - [ DEBUG ]  String p1:<xml><Reference>08002700E01566223980761231</Reference></xml>
2019-08-19 22:13:08  [ pool-1-thread-2:11743 ] - [ DEBUG ]  String string:<xml><ReturnCode>205</ReturnCode><ReturnMsg>NOTPAY</ReturnMsg></xml>
2019-08-19 22:13:09  [ pool-1-thread-2:12744 ] - [ DEBUG ]  i:6///{"ReturnCode":"205","ReturnMsg":"NOTPAY"}
2019-08-19 22:13:09  [ pool-1-thread-2:12745 ] - [ DEBUG ]  String p1:<xml><Reference>08002700E01566223980761231</Reference></xml>
2019-08-19 22:13:09  [ pool-1-thread-2:12946 ] - [ DEBUG ]  String string:<xml><ReturnCode>205</ReturnCode><ReturnMsg>NOTPAY</ReturnMsg></xml>
2019-08-19 22:13:10  [ pool-1-thread-2:13948 ] - [ DEBUG ]  i:7///{"ReturnCode":"205","ReturnMsg":"NOTPAY"}
2019-08-19 22:13:10  [ pool-1-thread-2:13949 ] - [ DEBUG ]  map:{"Amount":"6","Body":"1","QRCode":"6666","Reference":"08002700E01566223980761231","ReturnCode":"205","ReturnMsg":"NOTPAY","TransType":"2"}
2019-08-19 22:13:10  [ pool-1-thread-2:13949 ] - [ DEBUG ]  res:["支付方式：二维码\n交易时间：\n订单号：08002700E01566223980761231","客户未支付（未输入密码等）"]
2019-08-19 22:13:10  [ pool-1-thread-2:13950 ] - [ DEBUG ]  String[] strings :["支付方式：二维码\n交易时间：\n订单号：08002700E01566223980761231","客户未支付（未输入密码等）"]
